2022-10-14 14:45:04.000  INFO 2372 --- [main] com.review.myMall.MyMallApplication      : Starting MyMallApplication using Java 18.0.1.1 on TomChen-TPI with PID 2372 (D:\NewMall\myMall\target\classes started by tpi in D:\NewMall\myMall)
2022-10-14 14:45:04.006  INFO 2372 --- [main] com.review.myMall.MyMallApplication      : No active profile set, falling back to 1 default profile: "default"
2022-10-14 14:45:05.342  INFO 2372 --- [main] o.s.b.w.embedded.tomcat.TomcatWebServer  : Tomcat initialized with port(s): 8080 (http)
2022-10-14 14:45:05.360  INFO 2372 --- [main] o.apache.catalina.core.StandardService   : Starting service [Tomcat]
2022-10-14 14:45:05.360  INFO 2372 --- [main] org.apache.catalina.core.StandardEngine  : Starting Servlet engine: [Apache Tomcat/9.0.65]
2022-10-14 14:45:05.477  INFO 2372 --- [main] o.a.c.c.C.[Tomcat].[localhost].[/]       : Initializing Spring embedded WebApplicationContext
2022-10-14 14:45:05.477  INFO 2372 --- [main] w.s.c.ServletWebServerApplicationContext : Root WebApplicationContext: initialization completed in 1381 ms
2022-10-14 14:45:05.910  INFO 2372 --- [main] o.s.b.w.embedded.tomcat.TomcatWebServer  : Tomcat started on port(s): 8080 (http) with context path ''
2022-10-14 14:45:05.923  INFO 2372 --- [main] com.review.myMall.MyMallApplication      : Started MyMallApplication in 2.499 seconds (JVM running for 2.945)
2022-10-14 14:45:29.705  INFO 2372 --- [http-nio-8080-exec-1] o.a.c.c.C.[Tomcat].[localhost].[/]       : Initializing Spring DispatcherServlet 'dispatcherServlet'
2022-10-14 14:45:29.705  INFO 2372 --- [http-nio-8080-exec-1] o.s.web.servlet.DispatcherServlet        : Initializing Servlet 'dispatcherServlet'
2022-10-14 14:45:29.706  INFO 2372 --- [http-nio-8080-exec-1] o.s.web.servlet.DispatcherServlet        : Completed initialization in 1 ms
2022-10-14 14:45:29.737  INFO 2372 --- [http-nio-8080-exec-1] c.r.myMall.controller.ProductController  : createProduct entered
2022-10-14 14:49:20.845  INFO 2372 --- [http-nio-8080-exec-6] c.r.myMall.controller.ProductController  : createProduct entered
2022-10-14 14:49:23.565  INFO 2372 --- [http-nio-8080-exec-7] c.r.myMall.controller.ProductController  : createProduct entered
2022-10-14 14:49:24.098  INFO 2372 --- [http-nio-8080-exec-8] c.r.myMall.controller.ProductController  : createProduct entered
2022-10-14 14:49:24.555  INFO 2372 --- [http-nio-8080-exec-9] c.r.myMall.controller.ProductController  : createProduct entered
2022-10-14 14:53:50.281  INFO 2372 --- [http-nio-8080-exec-1] c.r.myMall.controller.ProductController  : createProduct entered
2022-10-14 14:54:04.450  INFO 25076 --- [main] com.review.myMall.MyMallApplication      : Starting MyMallApplication using Java 18.0.1.1 on TomChen-TPI with PID 25076 (D:\NewMall\myMall\target\classes started by tpi in D:\NewMall\myMall)
2022-10-14 14:54:04.456  INFO 25076 --- [main] com.review.myMall.MyMallApplication      : No active profile set, falling back to 1 default profile: "default"
2022-10-14 14:54:05.771  INFO 25076 --- [main] o.s.b.w.embedded.tomcat.TomcatWebServer  : Tomcat initialized with port(s): 8080 (http)
2022-10-14 14:54:05.785  INFO 25076 --- [main] o.apache.catalina.core.StandardService   : Starting service [Tomcat]
2022-10-14 14:54:05.785  INFO 25076 --- [main] org.apache.catalina.core.StandardEngine  : Starting Servlet engine: [Apache Tomcat/9.0.65]
2022-10-14 14:54:05.890  INFO 25076 --- [main] o.a.c.c.C.[Tomcat].[localhost].[/]       : Initializing Spring embedded WebApplicationContext
2022-10-14 14:54:05.891  INFO 25076 --- [main] w.s.c.ServletWebServerApplicationContext : Root WebApplicationContext: initialization completed in 1349 ms
2022-10-14 14:54:06.281  INFO 25076 --- [main] o.s.b.w.embedded.tomcat.TomcatWebServer  : Tomcat started on port(s): 8080 (http) with context path ''
2022-10-14 14:54:06.292  INFO 25076 --- [main] com.review.myMall.MyMallApplication      : Started MyMallApplication in 2.421 seconds (JVM running for 2.89)
2022-10-14 14:54:08.343  INFO 25076 --- [http-nio-8080-exec-1] o.a.c.c.C.[Tomcat].[localhost].[/]       : Initializing Spring DispatcherServlet 'dispatcherServlet'
2022-10-14 14:54:08.344  INFO 25076 --- [http-nio-8080-exec-1] o.s.web.servlet.DispatcherServlet        : Initializing Servlet 'dispatcherServlet'
2022-10-14 14:54:08.346  INFO 25076 --- [http-nio-8080-exec-1] o.s.web.servlet.DispatcherServlet        : Completed initialization in 2 ms
2022-10-14 14:54:08.467  WARN 25076 --- [http-nio-8080-exec-1] .w.s.m.s.DefaultHandlerExceptionResolver : Resolved [org.springframework.http.converter.HttpMessageNotReadableException: JSON parse error: Unexpected character (''' (code 39)): expected a valid value (JSON String, Number, Array, Object or token 'null', 'true' or 'false'); nested exception is com.fasterxml.jackson.core.JsonParseException: Unexpected character (''' (code 39)): expected a valid value (JSON String, Number, Array, Object or token 'null', 'true' or 'false')<EOL> at [Source: (org.springframework.util.StreamUtils$NonClosingInputStream); line: 2, column: 9]]
2022-10-14 14:54:39.806  INFO 25076 --- [http-nio-8080-exec-2] c.r.myMall.controller.ProductController  : 112
2022-10-14 14:54:39.807  INFO 25076 --- [http-nio-8080-exec-2] c.r.myMall.controller.ProductController  : createProduct entered
2022-10-14 14:55:28.398  INFO 25076 --- [http-nio-8080-exec-3] c.r.myMall.controller.ProductController  : 112
2022-10-14 14:55:28.399  INFO 25076 --- [http-nio-8080-exec-3] c.r.myMall.controller.ProductController  : createProduct entered
2022-10-14 14:58:53.867  INFO 28364 --- [main] com.review.myMall.MyMallApplication      : Starting MyMallApplication using Java 18.0.1.1 on TomChen-TPI with PID 28364 (D:\NewMall\myMall\target\classes started by tpi in D:\NewMall\myMall)
2022-10-14 14:58:53.871  INFO 28364 --- [main] com.review.myMall.MyMallApplication      : No active profile set, falling back to 1 default profile: "default"
2022-10-14 14:58:55.246  INFO 28364 --- [main] o.s.b.w.embedded.tomcat.TomcatWebServer  : Tomcat initialized with port(s): 8080 (http)
2022-10-14 14:58:55.263  INFO 28364 --- [main] o.apache.catalina.core.StandardService   : Starting service [Tomcat]
2022-10-14 14:58:55.264  INFO 28364 --- [main] org.apache.catalina.core.StandardEngine  : Starting Servlet engine: [Apache Tomcat/9.0.65]
2022-10-14 14:58:55.382  INFO 28364 --- [main] o.a.c.c.C.[Tomcat].[localhost].[/]       : Initializing Spring embedded WebApplicationContext
2022-10-14 14:58:55.382  INFO 28364 --- [main] w.s.c.ServletWebServerApplicationContext : Root WebApplicationContext: initialization completed in 1429 ms
2022-10-14 14:58:55.829  INFO 28364 --- [main] o.s.b.w.embedded.tomcat.TomcatWebServer  : Tomcat started on port(s): 8080 (http) with context path ''
2022-10-14 14:58:55.840  INFO 28364 --- [main] com.review.myMall.MyMallApplication      : Started MyMallApplication in 2.533 seconds (JVM running for 3.04)
2022-10-14 14:58:59.022  INFO 28364 --- [http-nio-8080-exec-1] o.a.c.c.C.[Tomcat].[localhost].[/]       : Initializing Spring DispatcherServlet 'dispatcherServlet'
2022-10-14 14:58:59.022  INFO 28364 --- [http-nio-8080-exec-1] o.s.web.servlet.DispatcherServlet        : Initializing Servlet 'dispatcherServlet'
2022-10-14 14:58:59.023  INFO 28364 --- [http-nio-8080-exec-1] o.s.web.servlet.DispatcherServlet        : Completed initialization in 1 ms
2022-10-14 14:58:59.129  WARN 28364 --- [http-nio-8080-exec-1] .w.s.m.s.DefaultHandlerExceptionResolver : Resolved [org.springframework.http.converter.HttpMessageNotReadableException: JSON parse error: Unrecognized token 'apple': was expecting (JSON String, Number, Array, Object or token 'null', 'true' or 'false'); nested exception is com.fasterxml.jackson.core.JsonParseException: Unrecognized token 'apple': was expecting (JSON String, Number, Array, Object or token 'null', 'true' or 'false')<EOL> at [Source: (org.springframework.util.StreamUtils$NonClosingInputStream); line: 3, column: 16]]
2022-10-14 14:59:21.998  WARN 28364 --- [http-nio-8080-exec-2] .w.s.m.s.DefaultHandlerExceptionResolver : Resolved [org.springframework.http.converter.HttpMessageNotReadableException: JSON parse error: Unexpected character (''' (code 39)): expected a valid value (JSON String, Number, Array, Object or token 'null', 'true' or 'false'); nested exception is com.fasterxml.jackson.core.JsonParseException: Unexpected character (''' (code 39)): expected a valid value (JSON String, Number, Array, Object or token 'null', 'true' or 'false')<EOL> at [Source: (org.springframework.util.StreamUtils$NonClosingInputStream); line: 3, column: 11]]
2022-10-14 14:59:50.008  INFO 28364 --- [http-nio-8080-exec-3] c.r.myMall.controller.ProductController  : com.review.myMall.module.Product@49e92029
2022-10-14 14:59:50.008  INFO 28364 --- [http-nio-8080-exec-3] c.r.myMall.controller.ProductController  : createProduct entered
2022-10-14 14:59:52.719  INFO 28364 --- [http-nio-8080-exec-4] c.r.myMall.controller.ProductController  : com.review.myMall.module.Product@15d94abf
2022-10-14 14:59:52.719  INFO 28364 --- [http-nio-8080-exec-4] c.r.myMall.controller.ProductController  : createProduct entered
2022-10-14 15:00:16.039  INFO 15412 --- [main] com.review.myMall.MyMallApplication      : Starting MyMallApplication using Java 18.0.1.1 on TomChen-TPI with PID 15412 (D:\NewMall\myMall\target\classes started by tpi in D:\NewMall\myMall)
2022-10-14 15:00:16.043  INFO 15412 --- [main] com.review.myMall.MyMallApplication      : No active profile set, falling back to 1 default profile: "default"
2022-10-14 15:00:17.321  INFO 15412 --- [main] o.s.b.w.embedded.tomcat.TomcatWebServer  : Tomcat initialized with port(s): 8080 (http)
2022-10-14 15:00:17.336  INFO 15412 --- [main] o.apache.catalina.core.StandardService   : Starting service [Tomcat]
2022-10-14 15:00:17.336  INFO 15412 --- [main] org.apache.catalina.core.StandardEngine  : Starting Servlet engine: [Apache Tomcat/9.0.65]
2022-10-14 15:00:17.448  INFO 15412 --- [main] o.a.c.c.C.[Tomcat].[localhost].[/]       : Initializing Spring embedded WebApplicationContext
2022-10-14 15:00:17.448  INFO 15412 --- [main] w.s.c.ServletWebServerApplicationContext : Root WebApplicationContext: initialization completed in 1316 ms
2022-10-14 15:00:17.937  INFO 15412 --- [main] o.s.b.w.embedded.tomcat.TomcatWebServer  : Tomcat started on port(s): 8080 (http) with context path ''
2022-10-14 15:00:17.953  INFO 15412 --- [main] com.review.myMall.MyMallApplication      : Started MyMallApplication in 2.452 seconds (JVM running for 2.907)
2022-10-14 15:00:19.425  INFO 15412 --- [http-nio-8080-exec-1] o.a.c.c.C.[Tomcat].[localhost].[/]       : Initializing Spring DispatcherServlet 'dispatcherServlet'
2022-10-14 15:00:19.426  INFO 15412 --- [http-nio-8080-exec-1] o.s.web.servlet.DispatcherServlet        : Initializing Servlet 'dispatcherServlet'
2022-10-14 15:00:19.426  INFO 15412 --- [http-nio-8080-exec-1] o.s.web.servlet.DispatcherServlet        : Completed initialization in 0 ms
2022-10-14 15:00:19.544  INFO 15412 --- [http-nio-8080-exec-1] c.r.myMall.controller.ProductController  : Product{id='112', name='apple', imgURL='www.we', price=100, stock=10}
2022-10-14 15:00:19.545  INFO 15412 --- [http-nio-8080-exec-1] c.r.myMall.controller.ProductController  : createProduct entered
2022-10-14 15:00:55.061  INFO 14464 --- [main] com.review.myMall.MyMallApplication      : Starting MyMallApplication using Java 18.0.1.1 on TomChen-TPI with PID 14464 (D:\NewMall\myMall\target\classes started by tpi in D:\NewMall\myMall)
2022-10-14 15:00:55.066  INFO 14464 --- [main] com.review.myMall.MyMallApplication      : No active profile set, falling back to 1 default profile: "default"
2022-10-14 15:00:56.404  INFO 14464 --- [main] o.s.b.w.embedded.tomcat.TomcatWebServer  : Tomcat initialized with port(s): 8080 (http)
2022-10-14 15:00:56.428  INFO 14464 --- [main] o.apache.catalina.core.StandardService   : Starting service [Tomcat]
2022-10-14 15:00:56.428  INFO 14464 --- [main] org.apache.catalina.core.StandardEngine  : Starting Servlet engine: [Apache Tomcat/9.0.65]
2022-10-14 15:00:56.552  INFO 14464 --- [main] o.a.c.c.C.[Tomcat].[localhost].[/]       : Initializing Spring embedded WebApplicationContext
2022-10-14 15:00:56.553  INFO 14464 --- [main] w.s.c.ServletWebServerApplicationContext : Root WebApplicationContext: initialization completed in 1406 ms
2022-10-14 15:00:57.065  INFO 14464 --- [main] o.s.b.w.embedded.tomcat.TomcatWebServer  : Tomcat started on port(s): 8080 (http) with context path ''
2022-10-14 15:00:57.078  INFO 14464 --- [main] com.review.myMall.MyMallApplication      : Started MyMallApplication in 2.67 seconds (JVM running for 3.145)
2022-10-14 15:01:00.417  INFO 14464 --- [http-nio-8080-exec-1] o.a.c.c.C.[Tomcat].[localhost].[/]       : Initializing Spring DispatcherServlet 'dispatcherServlet'
2022-10-14 15:01:00.418  INFO 14464 --- [http-nio-8080-exec-1] o.s.web.servlet.DispatcherServlet        : Initializing Servlet 'dispatcherServlet'
2022-10-14 15:01:00.418  INFO 14464 --- [http-nio-8080-exec-1] o.s.web.servlet.DispatcherServlet        : Completed initialization in 0 ms
2022-10-14 15:01:00.543  INFO 14464 --- [http-nio-8080-exec-1] c.r.myMall.controller.ProductController  : Product{id='112', name='apple', imgURL='www.we', price=100, stock=10}
2022-10-14 15:01:00.544  INFO 14464 --- [http-nio-8080-exec-1] c.r.myMall.controller.ProductController  : createProduct entered
2022-10-14 15:03:27.690  INFO 9156 --- [main] com.review.myMall.MyMallApplication      : Starting MyMallApplication using Java 18.0.1.1 on TomChen-TPI with PID 9156 (D:\NewMall\myMall\target\classes started by tpi in D:\NewMall\myMall)
2022-10-14 15:03:27.694  INFO 9156 --- [main] com.review.myMall.MyMallApplication      : No active profile set, falling back to 1 default profile: "default"
2022-10-14 15:03:29.019  INFO 9156 --- [main] o.s.b.w.embedded.tomcat.TomcatWebServer  : Tomcat initialized with port(s): 8080 (http)
2022-10-14 15:03:29.038  INFO 9156 --- [main] o.apache.catalina.core.StandardService   : Starting service [Tomcat]
2022-10-14 15:03:29.039  INFO 9156 --- [main] org.apache.catalina.core.StandardEngine  : Starting Servlet engine: [Apache Tomcat/9.0.65]
2022-10-14 15:03:29.172  INFO 9156 --- [main] o.a.c.c.C.[Tomcat].[localhost].[/]       : Initializing Spring embedded WebApplicationContext
2022-10-14 15:03:29.173  INFO 9156 --- [main] w.s.c.ServletWebServerApplicationContext : Root WebApplicationContext: initialization completed in 1384 ms
2022-10-14 15:03:29.573  INFO 9156 --- [main] o.s.b.w.embedded.tomcat.TomcatWebServer  : Tomcat started on port(s): 8080 (http) with context path ''
2022-10-14 15:03:29.585  INFO 9156 --- [main] com.review.myMall.MyMallApplication      : Started MyMallApplication in 2.463 seconds (JVM running for 2.915)
2022-10-14 15:03:34.500  INFO 9156 --- [http-nio-8080-exec-1] o.a.c.c.C.[Tomcat].[localhost].[/]       : Initializing Spring DispatcherServlet 'dispatcherServlet'
2022-10-14 15:03:34.500  INFO 9156 --- [http-nio-8080-exec-1] o.s.web.servlet.DispatcherServlet        : Initializing Servlet 'dispatcherServlet'
2022-10-14 15:03:34.501  INFO 9156 --- [http-nio-8080-exec-1] o.s.web.servlet.DispatcherServlet        : Completed initialization in 1 ms
2022-10-14 15:03:34.545  INFO 9156 --- [http-nio-8080-exec-1] c.r.myMall.controller.ProductController  : Product{id='null', name='null', imgURL='null', price=null, stock=null}
2022-10-14 15:03:34.545  INFO 9156 --- [http-nio-8080-exec-1] c.r.myMall.controller.ProductController  : createProduct entered
2022-10-14 15:03:36.090  INFO 9156 --- [http-nio-8080-exec-2] c.r.myMall.controller.ProductController  : Product{id='null', name='null', imgURL='null', price=null, stock=null}
2022-10-14 15:03:36.091  INFO 9156 --- [http-nio-8080-exec-2] c.r.myMall.controller.ProductController  : createProduct entered
2022-10-14 15:03:36.926  INFO 9156 --- [http-nio-8080-exec-3] c.r.myMall.controller.ProductController  : Product{id='null', name='null', imgURL='null', price=null, stock=null}
2022-10-14 15:03:36.927  INFO 9156 --- [http-nio-8080-exec-3] c.r.myMall.controller.ProductController  : createProduct entered
2022-10-14 15:03:46.292  INFO 36676 --- [main] com.review.myMall.MyMallApplication      : Starting MyMallApplication using Java 18.0.1.1 on TomChen-TPI with PID 36676 (D:\NewMall\myMall\target\classes started by tpi in D:\NewMall\myMall)
2022-10-14 15:03:46.298  INFO 36676 --- [main] com.review.myMall.MyMallApplication      : No active profile set, falling back to 1 default profile: "default"
2022-10-14 15:03:47.946  INFO 36676 --- [main] o.s.b.w.embedded.tomcat.TomcatWebServer  : Tomcat initialized with port(s): 8080 (http)
2022-10-14 15:03:47.974  INFO 36676 --- [main] o.apache.catalina.core.StandardService   : Starting service [Tomcat]
2022-10-14 15:03:47.975  INFO 36676 --- [main] org.apache.catalina.core.StandardEngine  : Starting Servlet engine: [Apache Tomcat/9.0.65]
2022-10-14 15:03:48.113  INFO 36676 --- [main] o.a.c.c.C.[Tomcat].[localhost].[/]       : Initializing Spring embedded WebApplicationContext
2022-10-14 15:03:48.113  INFO 36676 --- [main] w.s.c.ServletWebServerApplicationContext : Root WebApplicationContext: initialization completed in 1678 ms
2022-10-14 15:03:48.662  INFO 36676 --- [main] o.s.b.w.embedded.tomcat.TomcatWebServer  : Tomcat started on port(s): 8080 (http) with context path ''
2022-10-14 15:03:48.678  INFO 36676 --- [main] com.review.myMall.MyMallApplication      : Started MyMallApplication in 3.111 seconds (JVM running for 3.989)
2022-10-14 15:03:48.769  INFO 36676 --- [http-nio-8080-exec-1] o.a.c.c.C.[Tomcat].[localhost].[/]       : Initializing Spring DispatcherServlet 'dispatcherServlet'
2022-10-14 15:03:48.769  INFO 36676 --- [http-nio-8080-exec-1] o.s.web.servlet.DispatcherServlet        : Initializing Servlet 'dispatcherServlet'
2022-10-14 15:03:48.771  INFO 36676 --- [http-nio-8080-exec-1] o.s.web.servlet.DispatcherServlet        : Completed initialization in 2 ms
2022-10-14 15:04:28.450  INFO 36676 --- [http-nio-8080-exec-1] c.r.myMall.controller.ProductController  : Product{id='null', name='null', imgURL='null', price=null, stock=null}
2022-10-14 15:04:34.806  INFO 36676 --- [http-nio-8080-exec-1] c.r.myMall.controller.ProductController  : createProduct entered
2022-10-14 15:05:07.084  INFO 12628 --- [main] com.review.myMall.MyMallApplication      : Starting MyMallApplication using Java 18.0.1.1 on TomChen-TPI with PID 12628 (D:\NewMall\myMall\target\classes started by tpi in D:\NewMall\myMall)
2022-10-14 15:05:07.088  INFO 12628 --- [main] com.review.myMall.MyMallApplication      : No active profile set, falling back to 1 default profile: "default"
2022-10-14 15:05:08.621  INFO 12628 --- [main] o.s.b.w.embedded.tomcat.TomcatWebServer  : Tomcat initialized with port(s): 8080 (http)
2022-10-14 15:05:08.642  INFO 12628 --- [main] o.apache.catalina.core.StandardService   : Starting service [Tomcat]
2022-10-14 15:05:08.642  INFO 12628 --- [main] org.apache.catalina.core.StandardEngine  : Starting Servlet engine: [Apache Tomcat/9.0.65]
2022-10-14 15:05:08.782  INFO 12628 --- [main] o.a.c.c.C.[Tomcat].[localhost].[/]       : Initializing Spring embedded WebApplicationContext
2022-10-14 15:05:08.782  INFO 12628 --- [main] w.s.c.ServletWebServerApplicationContext : Root WebApplicationContext: initialization completed in 1613 ms
2022-10-14 15:05:09.224  INFO 12628 --- [main] o.s.b.w.embedded.tomcat.TomcatWebServer  : Tomcat started on port(s): 8080 (http) with context path ''
2022-10-14 15:05:09.235  INFO 12628 --- [main] com.review.myMall.MyMallApplication      : Started MyMallApplication in 2.72 seconds (JVM running for 3.176)
2022-10-14 15:05:12.235  INFO 12628 --- [http-nio-8080-exec-1] o.a.c.c.C.[Tomcat].[localhost].[/]       : Initializing Spring DispatcherServlet 'dispatcherServlet'
2022-10-14 15:05:12.235  INFO 12628 --- [http-nio-8080-exec-1] o.s.web.servlet.DispatcherServlet        : Initializing Servlet 'dispatcherServlet'
2022-10-14 15:05:12.236  INFO 12628 --- [http-nio-8080-exec-1] o.s.web.servlet.DispatcherServlet        : Completed initialization in 0 ms
2022-10-14 15:05:12.275  INFO 12628 --- [http-nio-8080-exec-1] c.r.myMall.controller.ProductController  : Product{id='null', name='null', imgURL='null', price=null, stock=null}
2022-10-14 15:05:12.276  INFO 12628 --- [http-nio-8080-exec-1] c.r.myMall.controller.ProductController  : createProduct entered
2022-10-14 15:05:18.578  INFO 12628 --- [http-nio-8080-exec-2] c.r.myMall.controller.ProductController  : Product{id='null', name='null', imgURL='null', price=null, stock=null}
2022-10-14 15:05:18.579  INFO 12628 --- [http-nio-8080-exec-2] c.r.myMall.controller.ProductController  : createProduct entered
2022-10-14 15:05:23.072  INFO 12628 --- [http-nio-8080-exec-3] c.r.myMall.controller.ProductController  : Product{id='null', name='null', imgURL='null', price=null, stock=null}
2022-10-14 15:05:23.072  INFO 12628 --- [http-nio-8080-exec-3] c.r.myMall.controller.ProductController  : createProduct entered
2022-10-14 15:06:39.619  INFO 29228 --- [main] com.review.myMall.MyMallApplication      : Starting MyMallApplication using Java 18.0.1.1 on TomChen-TPI with PID 29228 (D:\NewMall\myMall\target\classes started by tpi in D:\NewMall\myMall)
2022-10-14 15:06:39.626  INFO 29228 --- [main] com.review.myMall.MyMallApplication      : No active profile set, falling back to 1 default profile: "default"
2022-10-14 15:06:41.067  INFO 29228 --- [main] o.s.b.w.embedded.tomcat.TomcatWebServer  : Tomcat initialized with port(s): 8080 (http)
2022-10-14 15:06:41.085  INFO 29228 --- [main] o.apache.catalina.core.StandardService   : Starting service [Tomcat]
2022-10-14 15:06:41.086  INFO 29228 --- [main] org.apache.catalina.core.StandardEngine  : Starting Servlet engine: [Apache Tomcat/9.0.65]
2022-10-14 15:06:41.203  INFO 29228 --- [main] o.a.c.c.C.[Tomcat].[localhost].[/]       : Initializing Spring embedded WebApplicationContext
2022-10-14 15:06:41.203  INFO 29228 --- [main] w.s.c.ServletWebServerApplicationContext : Root WebApplicationContext: initialization completed in 1480 ms
2022-10-14 15:06:41.752  INFO 29228 --- [main] o.s.b.w.embedded.tomcat.TomcatWebServer  : Tomcat started on port(s): 8080 (http) with context path ''
2022-10-14 15:06:41.767  INFO 29228 --- [main] com.review.myMall.MyMallApplication      : Started MyMallApplication in 2.815 seconds (JVM running for 3.248)
2022-10-14 15:06:45.779  INFO 29228 --- [http-nio-8080-exec-1] o.a.c.c.C.[Tomcat].[localhost].[/]       : Initializing Spring DispatcherServlet 'dispatcherServlet'
2022-10-14 15:06:45.780  INFO 29228 --- [http-nio-8080-exec-1] o.s.web.servlet.DispatcherServlet        : Initializing Servlet 'dispatcherServlet'
2022-10-14 15:06:45.782  INFO 29228 --- [http-nio-8080-exec-1] o.s.web.servlet.DispatcherServlet        : Completed initialization in 1 ms
2022-10-14 15:06:45.882  INFO 29228 --- [http-nio-8080-exec-1] c.r.myMall.controller.ProductController  : org.apache.catalina.connector.RequestFacade@65e103ef
2022-10-14 15:06:45.882  INFO 29228 --- [http-nio-8080-exec-1] c.r.myMall.controller.ProductController  : null
2022-10-14 15:06:45.883  INFO 29228 --- [http-nio-8080-exec-1] c.r.myMall.controller.ProductController  : POST
2022-10-14 15:06:45.889  INFO 29228 --- [http-nio-8080-exec-1] c.r.myMall.controller.ProductController  : Product{id='112', name='apple', imgURL='www.we', price=100, stock=10}
2022-10-14 15:06:45.889  INFO 29228 --- [http-nio-8080-exec-1] c.r.myMall.controller.ProductController  : createProduct entered
2022-10-14 15:07:51.730  INFO 19256 --- [main] com.review.myMall.MyMallApplication      : Starting MyMallApplication using Java 18.0.1.1 on TomChen-TPI with PID 19256 (D:\NewMall\myMall\target\classes started by tpi in D:\NewMall\myMall)
2022-10-14 15:07:51.734  INFO 19256 --- [main] com.review.myMall.MyMallApplication      : No active profile set, falling back to 1 default profile: "default"
2022-10-14 15:07:53.216  INFO 19256 --- [main] o.s.b.w.embedded.tomcat.TomcatWebServer  : Tomcat initialized with port(s): 8080 (http)
2022-10-14 15:07:53.228  INFO 19256 --- [main] o.apache.catalina.core.StandardService   : Starting service [Tomcat]
2022-10-14 15:07:53.229  INFO 19256 --- [main] org.apache.catalina.core.StandardEngine  : Starting Servlet engine: [Apache Tomcat/9.0.65]
2022-10-14 15:07:53.341  INFO 19256 --- [main] o.a.c.c.C.[Tomcat].[localhost].[/]       : Initializing Spring embedded WebApplicationContext
2022-10-14 15:07:53.341  INFO 19256 --- [main] w.s.c.ServletWebServerApplicationContext : Root WebApplicationContext: initialization completed in 1523 ms
2022-10-14 15:07:53.746  INFO 19256 --- [main] o.s.b.w.embedded.tomcat.TomcatWebServer  : Tomcat started on port(s): 8080 (http) with context path ''
2022-10-14 15:07:53.766  INFO 19256 --- [main] com.review.myMall.MyMallApplication      : Started MyMallApplication in 2.572 seconds (JVM running for 3.054)
2022-10-14 15:07:53.819  INFO 19256 --- [http-nio-8080-exec-1] o.a.c.c.C.[Tomcat].[localhost].[/]       : Initializing Spring DispatcherServlet 'dispatcherServlet'
2022-10-14 15:07:53.819  INFO 19256 --- [http-nio-8080-exec-1] o.s.web.servlet.DispatcherServlet        : Initializing Servlet 'dispatcherServlet'
2022-10-14 15:07:53.820  INFO 19256 --- [http-nio-8080-exec-1] o.s.web.servlet.DispatcherServlet        : Completed initialization in 1 ms
2022-10-14 15:07:53.927  INFO 19256 --- [http-nio-8080-exec-1] c.r.myMall.controller.ProductController  : /home/add
2022-10-14 15:07:53.927  INFO 19256 --- [http-nio-8080-exec-1] c.r.myMall.controller.ProductController  : 
2022-10-14 15:07:53.927  INFO 19256 --- [http-nio-8080-exec-1] c.r.myMall.controller.ProductController  : null
2022-10-14 15:07:53.935  INFO 19256 --- [http-nio-8080-exec-1] c.r.myMall.controller.ProductController  : Product{id='112', name='apple', imgURL='www.we', price=100, stock=10}
2022-10-14 15:07:53.936  INFO 19256 --- [http-nio-8080-exec-1] c.r.myMall.controller.ProductController  : createProduct entered
2022-10-14 15:08:45.684  INFO 37196 --- [main] com.review.myMall.MyMallApplication      : Starting MyMallApplication using Java 18.0.1.1 on TomChen-TPI with PID 37196 (D:\NewMall\myMall\target\classes started by tpi in D:\NewMall\myMall)
2022-10-14 15:08:45.688  INFO 37196 --- [main] com.review.myMall.MyMallApplication      : No active profile set, falling back to 1 default profile: "default"
2022-10-14 15:08:47.338  INFO 37196 --- [main] o.s.b.w.embedded.tomcat.TomcatWebServer  : Tomcat initialized with port(s): 8080 (http)
2022-10-14 15:08:47.354  INFO 37196 --- [main] o.apache.catalina.core.StandardService   : Starting service [Tomcat]
2022-10-14 15:08:47.354  INFO 37196 --- [main] org.apache.catalina.core.StandardEngine  : Starting Servlet engine: [Apache Tomcat/9.0.65]
2022-10-14 15:08:47.494  INFO 37196 --- [main] o.a.c.c.C.[Tomcat].[localhost].[/]       : Initializing Spring embedded WebApplicationContext
2022-10-14 15:08:47.494  INFO 37196 --- [main] w.s.c.ServletWebServerApplicationContext : Root WebApplicationContext: initialization completed in 1707 ms
2022-10-14 15:08:48.043  INFO 37196 --- [main] o.s.b.w.embedded.tomcat.TomcatWebServer  : Tomcat started on port(s): 8080 (http) with context path ''
2022-10-14 15:08:48.062  INFO 37196 --- [main] com.review.myMall.MyMallApplication      : Started MyMallApplication in 3.003 seconds (JVM running for 3.472)
2022-10-14 15:08:48.237  INFO 37196 --- [http-nio-8080-exec-3] o.a.c.c.C.[Tomcat].[localhost].[/]       : Initializing Spring DispatcherServlet 'dispatcherServlet'
2022-10-14 15:08:48.237  INFO 37196 --- [http-nio-8080-exec-3] o.s.web.servlet.DispatcherServlet        : Initializing Servlet 'dispatcherServlet'
2022-10-14 15:08:48.238  INFO 37196 --- [http-nio-8080-exec-3] o.s.web.servlet.DispatcherServlet        : Completed initialization in 1 ms
2022-10-14 15:08:48.338  INFO 37196 --- [http-nio-8080-exec-3] c.r.myMall.controller.ProductController  : /home/add
2022-10-14 15:08:48.339  INFO 37196 --- [http-nio-8080-exec-3] c.r.myMall.controller.ProductController  : http://localhost:8080/home/add
2022-10-14 15:08:48.339  INFO 37196 --- [http-nio-8080-exec-3] c.r.myMall.controller.ProductController  : 
2022-10-14 15:08:48.339  INFO 37196 --- [http-nio-8080-exec-3] c.r.myMall.controller.ProductController  : null
2022-10-14 15:08:48.345  INFO 37196 --- [http-nio-8080-exec-3] c.r.myMall.controller.ProductController  : Product{id='112', name='apple', imgURL='www.we', price=100, stock=10}
2022-10-14 15:08:48.345  INFO 37196 --- [http-nio-8080-exec-3] c.r.myMall.controller.ProductController  : createProduct entered
2022-10-14 15:08:50.869  WARN 37196 --- [http-nio-8080-exec-2] .w.s.m.s.DefaultHandlerExceptionResolver : Resolved [org.springframework.http.converter.HttpMessageNotReadableException: Required request body is missing: public java.lang.Object com.review.myMall.controller.ProductController.createProduct(com.review.myMall.module.Product,javax.servlet.http.HttpServletRequest)]
2022-10-14 15:08:55.978  WARN 37196 --- [http-nio-8080-exec-1] .w.s.m.s.DefaultHandlerExceptionResolver : Resolved [org.springframework.http.converter.HttpMessageNotReadableException: Required request body is missing: public java.lang.Object com.review.myMall.controller.ProductController.createProduct(com.review.myMall.module.Product,javax.servlet.http.HttpServletRequest)]
2022-10-14 15:08:56.747  WARN 37196 --- [http-nio-8080-exec-4] .w.s.m.s.DefaultHandlerExceptionResolver : Resolved [org.springframework.http.converter.HttpMessageNotReadableException: Required request body is missing: public java.lang.Object com.review.myMall.controller.ProductController.createProduct(com.review.myMall.module.Product,javax.servlet.http.HttpServletRequest)]
2022-10-14 15:16:51.381  INFO 31564 --- [main] com.review.myMall.MyMallApplication      : Starting MyMallApplication using Java 18.0.1.1 on TomChen-TPI with PID 31564 (D:\NewMall\myMall\target\classes started by tpi in D:\NewMall\myMall)
2022-10-14 15:16:51.387  INFO 31564 --- [main] com.review.myMall.MyMallApplication      : No active profile set, falling back to 1 default profile: "default"
2022-10-14 15:16:52.659  INFO 31564 --- [main] o.s.b.w.embedded.tomcat.TomcatWebServer  : Tomcat initialized with port(s): 8080 (http)
2022-10-14 15:16:52.677  INFO 31564 --- [main] o.apache.catalina.core.StandardService   : Starting service [Tomcat]
2022-10-14 15:16:52.678  INFO 31564 --- [main] org.apache.catalina.core.StandardEngine  : Starting Servlet engine: [Apache Tomcat/9.0.65]
2022-10-14 15:16:52.809  INFO 31564 --- [main] o.a.c.c.C.[Tomcat].[localhost].[/]       : Initializing Spring embedded WebApplicationContext
2022-10-14 15:16:52.809  INFO 31564 --- [main] w.s.c.ServletWebServerApplicationContext : Root WebApplicationContext: initialization completed in 1342 ms
2022-10-14 15:16:53.302  INFO 31564 --- [main] o.s.b.w.embedded.tomcat.TomcatWebServer  : Tomcat started on port(s): 8080 (http) with context path ''
2022-10-14 15:16:53.311  INFO 31564 --- [main] com.review.myMall.MyMallApplication      : Started MyMallApplication in 2.515 seconds (JVM running for 3.018)
2022-10-14 15:17:00.145  INFO 31564 --- [http-nio-8080-exec-1] o.a.c.c.C.[Tomcat].[localhost].[/]       : Initializing Spring DispatcherServlet 'dispatcherServlet'
2022-10-14 15:17:00.146  INFO 31564 --- [http-nio-8080-exec-1] o.s.web.servlet.DispatcherServlet        : Initializing Servlet 'dispatcherServlet'
2022-10-14 15:17:00.146  INFO 31564 --- [http-nio-8080-exec-1] o.s.web.servlet.DispatcherServlet        : Completed initialization in 0 ms
2022-10-14 15:17:00.257  INFO 31564 --- [http-nio-8080-exec-1] c.r.myMall.controller.ProductController  : /home/add
2022-10-14 15:17:00.258  INFO 31564 --- [http-nio-8080-exec-1] c.r.myMall.controller.ProductController  : http://localhost:8080/home/add
2022-10-14 15:17:00.258  INFO 31564 --- [http-nio-8080-exec-1] c.r.myMall.controller.ProductController  : 
2022-10-14 15:17:00.258  INFO 31564 --- [http-nio-8080-exec-1] c.r.myMall.controller.ProductController  : null
2022-10-14 15:17:00.264  INFO 31564 --- [http-nio-8080-exec-1] c.r.myMall.controller.ProductController  : Product{id='112', name='apple', imgURL='www.we', price=100, stock=10}
2022-10-14 15:17:00.264  INFO 31564 --- [http-nio-8080-exec-1] c.r.myMall.controller.ProductController  : createProduct entered
2022-10-14 15:17:01.870  INFO 31564 --- [http-nio-8080-exec-2] c.r.myMall.controller.ProductController  : /home/add
2022-10-14 15:17:01.870  INFO 31564 --- [http-nio-8080-exec-2] c.r.myMall.controller.ProductController  : http://localhost:8080/home/add
2022-10-14 15:17:01.870  INFO 31564 --- [http-nio-8080-exec-2] c.r.myMall.controller.ProductController  : 
2022-10-14 15:17:01.871  INFO 31564 --- [http-nio-8080-exec-2] c.r.myMall.controller.ProductController  : null
2022-10-14 15:17:01.871  INFO 31564 --- [http-nio-8080-exec-2] c.r.myMall.controller.ProductController  : Product{id='112', name='apple', imgURL='www.we', price=100, stock=10}
2022-10-14 15:17:01.871  INFO 31564 --- [http-nio-8080-exec-2] c.r.myMall.controller.ProductController  : createProduct entered
2022-10-14 15:17:35.997  INFO 9552 --- [main] com.review.myMall.MyMallApplication      : Starting MyMallApplication using Java 18.0.1.1 on TomChen-TPI with PID 9552 (D:\NewMall\myMall\target\classes started by tpi in D:\NewMall\myMall)
2022-10-14 15:17:36.002  INFO 9552 --- [main] com.review.myMall.MyMallApplication      : No active profile set, falling back to 1 default profile: "default"
2022-10-14 15:17:37.460  INFO 9552 --- [main] o.s.b.w.embedded.tomcat.TomcatWebServer  : Tomcat initialized with port(s): 8080 (http)
2022-10-14 15:17:37.471  INFO 9552 --- [main] o.apache.catalina.core.StandardService   : Starting service [Tomcat]
2022-10-14 15:17:37.472  INFO 9552 --- [main] org.apache.catalina.core.StandardEngine  : Starting Servlet engine: [Apache Tomcat/9.0.65]
2022-10-14 15:17:37.636  INFO 9552 --- [main] o.a.c.c.C.[Tomcat].[localhost].[/]       : Initializing Spring embedded WebApplicationContext
2022-10-14 15:17:37.636  INFO 9552 --- [main] w.s.c.ServletWebServerApplicationContext : Root WebApplicationContext: initialization completed in 1545 ms
2022-10-14 15:17:38.162  INFO 9552 --- [main] o.s.b.w.embedded.tomcat.TomcatWebServer  : Tomcat started on port(s): 8080 (http) with context path ''
2022-10-14 15:17:38.172  INFO 9552 --- [main] com.review.myMall.MyMallApplication      : Started MyMallApplication in 2.748 seconds (JVM running for 3.25)
2022-10-14 15:17:39.007  INFO 9552 --- [http-nio-8080-exec-1] o.a.c.c.C.[Tomcat].[localhost].[/]       : Initializing Spring DispatcherServlet 'dispatcherServlet'
2022-10-14 15:17:39.007  INFO 9552 --- [http-nio-8080-exec-1] o.s.web.servlet.DispatcherServlet        : Initializing Servlet 'dispatcherServlet'
2022-10-14 15:17:39.008  INFO 9552 --- [http-nio-8080-exec-1] o.s.web.servlet.DispatcherServlet        : Completed initialization in 1 ms
2022-10-14 15:17:39.139  INFO 9552 --- [http-nio-8080-exec-1] c.r.myMall.controller.ProductController  : /home/add
2022-10-14 15:17:39.140  INFO 9552 --- [http-nio-8080-exec-1] c.r.myMall.controller.ProductController  : http://localhost:8080/home/add
2022-10-14 15:17:39.140  INFO 9552 --- [http-nio-8080-exec-1] c.r.myMall.controller.ProductController  : 
2022-10-14 15:17:39.140  INFO 9552 --- [http-nio-8080-exec-1] c.r.myMall.controller.ProductController  : null
2022-10-14 15:17:39.145  INFO 9552 --- [http-nio-8080-exec-1] c.r.myMall.controller.ProductController  : Product{id='112', name='apple', imgURL='www.we', price=100, stock=10}
2022-10-14 15:17:39.145  INFO 9552 --- [http-nio-8080-exec-1] c.r.myMall.controller.ProductController  : createProduct entered
2022-10-14 15:17:53.429  INFO 37912 --- [main] com.review.myMall.MyMallApplication      : Starting MyMallApplication using Java 18.0.1.1 on TomChen-TPI with PID 37912 (D:\NewMall\myMall\target\classes started by tpi in D:\NewMall\myMall)
2022-10-14 15:17:53.436  INFO 37912 --- [main] com.review.myMall.MyMallApplication      : No active profile set, falling back to 1 default profile: "default"
2022-10-14 15:17:54.900  INFO 37912 --- [main] o.s.b.w.embedded.tomcat.TomcatWebServer  : Tomcat initialized with port(s): 8080 (http)
2022-10-14 15:17:54.911  INFO 37912 --- [main] o.apache.catalina.core.StandardService   : Starting service [Tomcat]
2022-10-14 15:17:54.912  INFO 37912 --- [main] org.apache.catalina.core.StandardEngine  : Starting Servlet engine: [Apache Tomcat/9.0.65]
2022-10-14 15:17:55.025  INFO 37912 --- [main] o.a.c.c.C.[Tomcat].[localhost].[/]       : Initializing Spring embedded WebApplicationContext
2022-10-14 15:17:55.025  INFO 37912 --- [main] w.s.c.ServletWebServerApplicationContext : Root WebApplicationContext: initialization completed in 1491 ms
2022-10-14 15:17:55.483  INFO 37912 --- [main] o.s.b.w.embedded.tomcat.TomcatWebServer  : Tomcat started on port(s): 8080 (http) with context path ''
2022-10-14 15:17:55.497  INFO 37912 --- [main] com.review.myMall.MyMallApplication      : Started MyMallApplication in 2.714 seconds (JVM running for 3.219)
2022-10-14 15:18:39.263  INFO 24636 --- [main] com.review.myMall.MyMallApplication      : Starting MyMallApplication using Java 18.0.1.1 on TomChen-TPI with PID 24636 (D:\NewMall\myMall\target\classes started by tpi in D:\NewMall\myMall)
2022-10-14 15:18:39.269  INFO 24636 --- [main] com.review.myMall.MyMallApplication      : No active profile set, falling back to 1 default profile: "default"
2022-10-14 15:18:40.516  INFO 24636 --- [main] o.s.b.w.embedded.tomcat.TomcatWebServer  : Tomcat initialized with port(s): 8080 (http)
2022-10-14 15:18:40.534  INFO 24636 --- [main] o.apache.catalina.core.StandardService   : Starting service [Tomcat]
2022-10-14 15:18:40.535  INFO 24636 --- [main] org.apache.catalina.core.StandardEngine  : Starting Servlet engine: [Apache Tomcat/9.0.65]
2022-10-14 15:18:40.642  INFO 24636 --- [main] o.a.c.c.C.[Tomcat].[localhost].[/]       : Initializing Spring embedded WebApplicationContext
2022-10-14 15:18:40.642  INFO 24636 --- [main] w.s.c.ServletWebServerApplicationContext : Root WebApplicationContext: initialization completed in 1294 ms
2022-10-14 15:18:41.081  INFO 24636 --- [main] o.s.b.w.embedded.tomcat.TomcatWebServer  : Tomcat started on port(s): 8080 (http) with context path ''
2022-10-14 15:18:41.092  INFO 24636 --- [main] com.review.myMall.MyMallApplication      : Started MyMallApplication in 2.405 seconds (JVM running for 2.893)
2022-10-14 15:18:45.015  INFO 24636 --- [http-nio-8080-exec-1] o.a.c.c.C.[Tomcat].[localhost].[/]       : Initializing Spring DispatcherServlet 'dispatcherServlet'
2022-10-14 15:18:45.016  INFO 24636 --- [http-nio-8080-exec-1] o.s.web.servlet.DispatcherServlet        : Initializing Servlet 'dispatcherServlet'
2022-10-14 15:18:45.016  INFO 24636 --- [http-nio-8080-exec-1] o.s.web.servlet.DispatcherServlet        : Completed initialization in 0 ms
2022-10-14 15:18:45.119  INFO 24636 --- [http-nio-8080-exec-1] c.r.myMall.controller.ProductController  : /home/add
2022-10-14 15:18:45.119  INFO 24636 --- [http-nio-8080-exec-1] c.r.myMall.controller.ProductController  : http://localhost:8080/home/add
2022-10-14 15:18:45.119  INFO 24636 --- [http-nio-8080-exec-1] c.r.myMall.controller.ProductController  : 
2022-10-14 15:18:45.119  INFO 24636 --- [http-nio-8080-exec-1] c.r.myMall.controller.ProductController  : null
2022-10-14 15:18:45.127  INFO 24636 --- [http-nio-8080-exec-1] c.r.myMall.controller.ProductController  : Product{id='112', name='apple', imgURL='www.we', price=100, stock=10}
2022-10-14 15:18:45.127  INFO 24636 --- [http-nio-8080-exec-1] c.r.myMall.controller.ProductController  : createProduct entered
2022-10-14 15:18:59.180  INFO 27988 --- [main] com.review.myMall.MyMallApplication      : Starting MyMallApplication using Java 18.0.1.1 on TomChen-TPI with PID 27988 (D:\NewMall\myMall\target\classes started by tpi in D:\NewMall\myMall)
2022-10-14 15:18:59.191  INFO 27988 --- [main] com.review.myMall.MyMallApplication      : No active profile set, falling back to 1 default profile: "default"
2022-10-14 15:19:00.687  INFO 27988 --- [main] o.s.b.w.embedded.tomcat.TomcatWebServer  : Tomcat initialized with port(s): 8080 (http)
2022-10-14 15:19:00.721  INFO 27988 --- [main] o.apache.catalina.core.StandardService   : Starting service [Tomcat]
2022-10-14 15:19:00.723  INFO 27988 --- [main] org.apache.catalina.core.StandardEngine  : Starting Servlet engine: [Apache Tomcat/9.0.65]
2022-10-14 15:19:00.864  INFO 27988 --- [main] o.a.c.c.C.[Tomcat].[localhost].[/]       : Initializing Spring embedded WebApplicationContext
2022-10-14 15:19:00.865  INFO 27988 --- [main] w.s.c.ServletWebServerApplicationContext : Root WebApplicationContext: initialization completed in 1570 ms
2022-10-14 15:19:01.291  INFO 27988 --- [main] o.s.b.w.embedded.tomcat.TomcatWebServer  : Tomcat started on port(s): 8080 (http) with context path ''
2022-10-14 15:19:01.304  INFO 27988 --- [main] com.review.myMall.MyMallApplication      : Started MyMallApplication in 2.704 seconds (JVM running for 3.283)
2022-10-14 15:19:01.583  INFO 27988 --- [http-nio-8080-exec-1] o.a.c.c.C.[Tomcat].[localhost].[/]       : Initializing Spring DispatcherServlet 'dispatcherServlet'
2022-10-14 15:19:01.583  INFO 27988 --- [http-nio-8080-exec-1] o.s.web.servlet.DispatcherServlet        : Initializing Servlet 'dispatcherServlet'
2022-10-14 15:19:01.584  INFO 27988 --- [http-nio-8080-exec-1] o.s.web.servlet.DispatcherServlet        : Completed initialization in 1 ms
2022-10-14 15:19:01.686  INFO 27988 --- [http-nio-8080-exec-1] c.r.myMall.controller.ProductController  : /home/add
2022-10-14 15:19:01.687  INFO 27988 --- [http-nio-8080-exec-1] c.r.myMall.controller.ProductController  : http://localhost:8080/home/add
2022-10-14 15:19:01.688  INFO 27988 --- [http-nio-8080-exec-1] c.r.myMall.controller.ProductController  : 
2022-10-14 15:19:01.688  INFO 27988 --- [http-nio-8080-exec-1] c.r.myMall.controller.ProductController  : null
2022-10-14 15:19:01.694  INFO 27988 --- [http-nio-8080-exec-1] c.r.myMall.controller.ProductController  : Product{id='112', name='apple', imgURL='www.we', price=100, stock=10}
2022-10-14 15:19:01.694  INFO 27988 --- [http-nio-8080-exec-1] c.r.myMall.controller.ProductController  : createProduct entered
2022-10-14 15:19:06.673  INFO 27988 --- [http-nio-8080-exec-2] c.r.myMall.controller.ProductController  : /home/add
2022-10-14 15:19:06.674  INFO 27988 --- [http-nio-8080-exec-2] c.r.myMall.controller.ProductController  : http://localhost:8080/home/add
2022-10-14 15:19:06.674  INFO 27988 --- [http-nio-8080-exec-2] c.r.myMall.controller.ProductController  : 
2022-10-14 15:19:06.674  INFO 27988 --- [http-nio-8080-exec-2] c.r.myMall.controller.ProductController  : null
2022-10-14 15:19:06.674  INFO 27988 --- [http-nio-8080-exec-2] c.r.myMall.controller.ProductController  : Product{id='112', name='apple', imgURL='www.we', price=100, stock=10}
2022-10-14 15:19:06.674  INFO 27988 --- [http-nio-8080-exec-2] c.r.myMall.controller.ProductController  : createProduct entered
2022-10-14 15:20:41.871  INFO 39732 --- [main] com.review.myMall.MyMallApplication      : Starting MyMallApplication using Java 18.0.1.1 on TomChen-TPI with PID 39732 (D:\NewMall\myMall\target\classes started by tpi in D:\NewMall\myMall)
2022-10-14 15:20:41.876  INFO 39732 --- [main] com.review.myMall.MyMallApplication      : No active profile set, falling back to 1 default profile: "default"
2022-10-14 15:20:43.582  INFO 39732 --- [main] o.s.b.w.embedded.tomcat.TomcatWebServer  : Tomcat initialized with port(s): 8080 (http)
2022-10-14 15:20:43.605  INFO 39732 --- [main] o.apache.catalina.core.StandardService   : Starting service [Tomcat]
2022-10-14 15:20:43.606  INFO 39732 --- [main] org.apache.catalina.core.StandardEngine  : Starting Servlet engine: [Apache Tomcat/9.0.65]
2022-10-14 15:20:43.756  INFO 39732 --- [main] o.a.c.c.C.[Tomcat].[localhost].[/]       : Initializing Spring embedded WebApplicationContext
2022-10-14 15:20:43.756  INFO 39732 --- [main] w.s.c.ServletWebServerApplicationContext : Root WebApplicationContext: initialization completed in 1802 ms
2022-10-14 15:20:44.256  INFO 39732 --- [main] o.s.b.w.embedded.tomcat.TomcatWebServer  : Tomcat started on port(s): 8080 (http) with context path ''
2022-10-14 15:20:44.269  INFO 39732 --- [main] com.review.myMall.MyMallApplication      : Started MyMallApplication in 3.083 seconds (JVM running for 3.62)
2022-10-14 15:21:31.962  INFO 39732 --- [http-nio-8080-exec-1] o.a.c.c.C.[Tomcat].[localhost].[/]       : Initializing Spring DispatcherServlet 'dispatcherServlet'
2022-10-14 15:21:31.962  INFO 39732 --- [http-nio-8080-exec-1] o.s.web.servlet.DispatcherServlet        : Initializing Servlet 'dispatcherServlet'
2022-10-14 15:21:31.963  INFO 39732 --- [http-nio-8080-exec-1] o.s.web.servlet.DispatcherServlet        : Completed initialization in 1 ms
2022-10-14 15:21:32.116  INFO 39732 --- [http-nio-8080-exec-1] c.r.myMall.controller.ProductController  : /home/add
2022-10-14 15:21:32.119  INFO 39732 --- [http-nio-8080-exec-1] c.r.myMall.controller.ProductController  : http://localhost:8080/home/add
2022-10-14 15:21:32.120  INFO 39732 --- [http-nio-8080-exec-1] c.r.myMall.controller.ProductController  : 
2022-10-14 15:21:32.120  INFO 39732 --- [http-nio-8080-exec-1] c.r.myMall.controller.ProductController  : null
2022-10-14 15:21:32.131  INFO 39732 --- [http-nio-8080-exec-1] c.r.myMall.controller.ProductController  : Product{id='112', name='apple', imgURL='www.we', price=100, stock=10}
2022-10-14 15:21:32.131  INFO 39732 --- [http-nio-8080-exec-1] c.r.myMall.controller.ProductController  : createProduct entered
2022-10-14 15:21:47.687  INFO 20452 --- [main] com.review.myMall.MyMallApplication      : Starting MyMallApplication using Java 18.0.1.1 on TomChen-TPI with PID 20452 (D:\NewMall\myMall\target\classes started by tpi in D:\NewMall\myMall)
2022-10-14 15:21:47.694  INFO 20452 --- [main] com.review.myMall.MyMallApplication      : No active profile set, falling back to 1 default profile: "default"
2022-10-14 15:21:49.669  INFO 20452 --- [main] o.s.b.w.embedded.tomcat.TomcatWebServer  : Tomcat initialized with port(s): 8080 (http)
2022-10-14 15:21:49.692  INFO 20452 --- [main] o.apache.catalina.core.StandardService   : Starting service [Tomcat]
2022-10-14 15:21:49.692  INFO 20452 --- [main] org.apache.catalina.core.StandardEngine  : Starting Servlet engine: [Apache Tomcat/9.0.65]
2022-10-14 15:21:49.873  INFO 20452 --- [main] o.a.c.c.C.[Tomcat].[localhost].[/]       : Initializing Spring embedded WebApplicationContext
2022-10-14 15:21:49.874  INFO 20452 --- [main] w.s.c.ServletWebServerApplicationContext : Root WebApplicationContext: initialization completed in 2084 ms
2022-10-14 15:21:50.381  INFO 20452 --- [main] o.s.b.w.embedded.tomcat.TomcatWebServer  : Tomcat started on port(s): 8080 (http) with context path ''
2022-10-14 15:21:50.392  INFO 20452 --- [main] com.review.myMall.MyMallApplication      : Started MyMallApplication in 3.293 seconds (JVM running for 3.847)
2022-10-14 15:21:50.472  INFO 20452 --- [http-nio-8080-exec-1] o.a.c.c.C.[Tomcat].[localhost].[/]       : Initializing Spring DispatcherServlet 'dispatcherServlet'
2022-10-14 15:21:50.473  INFO 20452 --- [http-nio-8080-exec-1] o.s.web.servlet.DispatcherServlet        : Initializing Servlet 'dispatcherServlet'
2022-10-14 15:21:50.474  INFO 20452 --- [http-nio-8080-exec-1] o.s.web.servlet.DispatcherServlet        : Completed initialization in 1 ms
2022-10-14 15:21:50.582  INFO 20452 --- [http-nio-8080-exec-1] c.r.myMall.controller.ProductController  : /home/add
2022-10-14 15:21:50.583  INFO 20452 --- [http-nio-8080-exec-1] c.r.myMall.controller.ProductController  : http://localhost:8080/home/add
2022-10-14 15:21:50.583  INFO 20452 --- [http-nio-8080-exec-1] c.r.myMall.controller.ProductController  : 
2022-10-14 15:21:50.583  INFO 20452 --- [http-nio-8080-exec-1] c.r.myMall.controller.ProductController  : null
2022-10-14 15:21:50.589  INFO 20452 --- [http-nio-8080-exec-1] c.r.myMall.controller.ProductController  : Product{id='112', name='apple', imgURL='www.we', price=100, stock=10}
2022-10-14 15:21:50.589  INFO 20452 --- [http-nio-8080-exec-1] c.r.myMall.controller.ProductController  : createProduct entered
2022-10-14 15:22:56.668  INFO 25296 --- [main] com.review.myMall.MyMallApplication      : Starting MyMallApplication using Java 18.0.1.1 on TomChen-TPI with PID 25296 (D:\NewMall\myMall\target\classes started by tpi in D:\NewMall\myMall)
2022-10-14 15:22:56.674  INFO 25296 --- [main] com.review.myMall.MyMallApplication      : No active profile set, falling back to 1 default profile: "default"
2022-10-14 15:22:58.201  INFO 25296 --- [main] o.s.b.w.embedded.tomcat.TomcatWebServer  : Tomcat initialized with port(s): 8080 (http)
2022-10-14 15:22:58.345  INFO 25296 --- [main] w.s.c.ServletWebServerApplicationContext : Root WebApplicationContext: initialization completed in 1584 ms
2022-10-14 15:22:58.817  INFO 25296 --- [main] o.s.b.w.embedded.tomcat.TomcatWebServer  : Tomcat started on port(s): 8080 (http) with context path ''
2022-10-14 15:22:58.830  INFO 25296 --- [main] com.review.myMall.MyMallApplication      : Started MyMallApplication in 2.889 seconds (JVM running for 3.465)
2022-10-14 15:23:02.807  INFO 30500 --- [main] com.review.myMall.MyMallApplication      : Starting MyMallApplication using Java 18.0.1.1 on TomChen-TPI with PID 30500 (D:\NewMall\myMall\target\classes started by tpi in D:\NewMall\myMall)
2022-10-14 15:23:02.813  INFO 30500 --- [main] com.review.myMall.MyMallApplication      : No active profile set, falling back to 1 default profile: "default"
2022-10-14 15:23:04.151  INFO 30500 --- [main] o.s.b.w.embedded.tomcat.TomcatWebServer  : Tomcat initialized with port(s): 8080 (http)
2022-10-14 15:23:04.169  INFO 30500 --- [main] o.apache.catalina.core.StandardService   : Starting service [Tomcat]
2022-10-14 15:23:04.170  INFO 30500 --- [main] org.apache.catalina.core.StandardEngine  : Starting Servlet engine: [Apache Tomcat/9.0.65]
2022-10-14 15:23:04.311  INFO 30500 --- [main] o.a.c.c.C.[Tomcat].[localhost].[/]       : Initializing Spring embedded WebApplicationContext
2022-10-14 15:23:04.312  INFO 30500 --- [main] w.s.c.ServletWebServerApplicationContext : Root WebApplicationContext: initialization completed in 1411 ms
2022-10-14 15:23:04.768  INFO 30500 --- [main] o.s.b.w.embedded.tomcat.TomcatWebServer  : Tomcat started on port(s): 8080 (http) with context path ''
2022-10-14 15:23:04.781  INFO 30500 --- [main] com.review.myMall.MyMallApplication      : Started MyMallApplication in 2.607 seconds (JVM running for 3.151)
2022-10-14 15:23:19.844  INFO 30500 --- [http-nio-8080-exec-1] o.a.c.c.C.[Tomcat].[localhost].[/]       : Initializing Spring DispatcherServlet 'dispatcherServlet'
2022-10-14 15:23:19.844  INFO 30500 --- [http-nio-8080-exec-1] o.s.web.servlet.DispatcherServlet        : Initializing Servlet 'dispatcherServlet'
2022-10-14 15:23:19.845  INFO 30500 --- [http-nio-8080-exec-1] o.s.web.servlet.DispatcherServlet        : Completed initialization in 1 ms
2022-10-14 15:23:19.886  WARN 30500 --- [http-nio-8080-exec-1] .w.s.m.s.DefaultHandlerExceptionResolver : Resolved [org.springframework.http.converter.HttpMessageNotReadableException: Required request body is missing: public java.lang.String com.review.myMall.controller.ProductController.createProduct(com.review.myMall.module.Product)]
2022-10-14 15:23:45.910  INFO 37500 --- [main] com.review.myMall.MyMallApplication      : Starting MyMallApplication using Java 18.0.1.1 on TomChen-TPI with PID 37500 (D:\NewMall\myMall\target\classes started by tpi in D:\NewMall\myMall)
2022-10-14 15:23:45.916  INFO 37500 --- [main] com.review.myMall.MyMallApplication      : No active profile set, falling back to 1 default profile: "default"
2022-10-14 15:23:47.651  INFO 37500 --- [main] o.s.b.w.embedded.tomcat.TomcatWebServer  : Tomcat initialized with port(s): 8080 (http)
2022-10-14 15:23:47.670  INFO 37500 --- [main] o.apache.catalina.core.StandardService   : Starting service [Tomcat]
2022-10-14 15:23:47.671  INFO 37500 --- [main] org.apache.catalina.core.StandardEngine  : Starting Servlet engine: [Apache Tomcat/9.0.65]
2022-10-14 15:23:47.808  INFO 37500 --- [main] o.a.c.c.C.[Tomcat].[localhost].[/]       : Initializing Spring embedded WebApplicationContext
2022-10-14 15:23:47.808  INFO 37500 --- [main] w.s.c.ServletWebServerApplicationContext : Root WebApplicationContext: initialization completed in 1811 ms
2022-10-14 15:23:48.383  INFO 37500 --- [main] o.s.b.w.embedded.tomcat.TomcatWebServer  : Tomcat started on port(s): 8080 (http) with context path ''
2022-10-14 15:23:48.397  INFO 37500 --- [main] com.review.myMall.MyMallApplication      : Started MyMallApplication in 3.073 seconds (JVM running for 3.655)
2022-10-14 15:23:52.953  INFO 37500 --- [http-nio-8080-exec-1] o.a.c.c.C.[Tomcat].[localhost].[/]       : Initializing Spring DispatcherServlet 'dispatcherServlet'
2022-10-14 15:23:52.953  INFO 37500 --- [http-nio-8080-exec-1] o.s.web.servlet.DispatcherServlet        : Initializing Servlet 'dispatcherServlet'
2022-10-14 15:23:52.954  INFO 37500 --- [http-nio-8080-exec-1] o.s.web.servlet.DispatcherServlet        : Completed initialization in 1 ms
2022-10-14 15:23:52.984  INFO 37500 --- [http-nio-8080-exec-1] c.r.myMall.controller.ProductController  : createProduct entered
2022-10-14 15:23:53.681  INFO 37500 --- [http-nio-8080-exec-2] c.r.myMall.controller.ProductController  : createProduct entered
2022-10-14 15:23:56.221  INFO 37500 --- [http-nio-8080-exec-5] c.r.myMall.controller.ProductController  : createProduct entered
2022-10-14 15:28:09.737  INFO 1720 --- [main] com.review.myMall.MyMallApplication      : Starting MyMallApplication using Java 18.0.1.1 on TomChen-TPI with PID 1720 (D:\NewMall\myMall\target\classes started by tpi in D:\NewMall\myMall)
2022-10-14 15:28:09.742  INFO 1720 --- [main] com.review.myMall.MyMallApplication      : No active profile set, falling back to 1 default profile: "default"
2022-10-14 15:28:11.106  INFO 1720 --- [main] o.s.b.w.embedded.tomcat.TomcatWebServer  : Tomcat initialized with port(s): 8080 (http)
2022-10-14 15:28:11.124  INFO 1720 --- [main] o.apache.catalina.core.StandardService   : Starting service [Tomcat]
2022-10-14 15:28:11.124  INFO 1720 --- [main] org.apache.catalina.core.StandardEngine  : Starting Servlet engine: [Apache Tomcat/9.0.65]
2022-10-14 15:28:11.261  INFO 1720 --- [main] o.a.c.c.C.[Tomcat].[localhost].[/]       : Initializing Spring embedded WebApplicationContext
2022-10-14 15:28:11.262  INFO 1720 --- [main] w.s.c.ServletWebServerApplicationContext : Root WebApplicationContext: initialization completed in 1430 ms
2022-10-14 15:28:11.861  INFO 1720 --- [main] o.s.b.w.embedded.tomcat.TomcatWebServer  : Tomcat started on port(s): 8080 (http) with context path ''
2022-10-14 15:28:11.877  INFO 1720 --- [main] com.review.myMall.MyMallApplication      : Started MyMallApplication in 2.708 seconds (JVM running for 3.209)
2022-10-14 15:28:18.141  INFO 1720 --- [http-nio-8080-exec-1] o.a.c.c.C.[Tomcat].[localhost].[/]       : Initializing Spring DispatcherServlet 'dispatcherServlet'
2022-10-14 15:28:18.141  INFO 1720 --- [http-nio-8080-exec-1] o.s.web.servlet.DispatcherServlet        : Initializing Servlet 'dispatcherServlet'
2022-10-14 15:28:18.142  INFO 1720 --- [http-nio-8080-exec-1] o.s.web.servlet.DispatcherServlet        : Completed initialization in 1 ms
2022-10-14 15:28:18.169  WARN 1720 --- [http-nio-8080-exec-1] .w.s.m.s.DefaultHandlerExceptionResolver : Resolved [org.springframework.web.HttpRequestMethodNotSupportedException: Request method 'POST' not supported]
2022-10-14 15:28:25.664 ERROR 1720 --- [http-nio-8080-exec-2] o.a.c.c.C.[.[.[/].[dispatcherServlet]    : Servlet.service() for servlet [dispatcherServlet] in context with path [] threw exception [Circular view path [hello]: would dispatch back to the current handler URL [/home/hello] again. Check your ViewResolver setup! (Hint: This may be the result of an unspecified view, due to default view name generation.)] with root cause

javax.servlet.ServletException: Circular view path [hello]: would dispatch back to the current handler URL [/home/hello] again. Check your ViewResolver setup! (Hint: This may be the result of an unspecified view, due to default view name generation.)
	at org.springframework.web.servlet.view.InternalResourceView.prepareForRendering(InternalResourceView.java:210) ~[spring-webmvc-5.3.23.jar:5.3.23]
	at org.springframework.web.servlet.view.InternalResourceView.renderMergedOutputModel(InternalResourceView.java:148) ~[spring-webmvc-5.3.23.jar:5.3.23]
	at org.springframework.web.servlet.view.AbstractView.render(AbstractView.java:316) ~[spring-webmvc-5.3.23.jar:5.3.23]
	at org.springframework.web.servlet.DispatcherServlet.render(DispatcherServlet.java:1405) ~[spring-webmvc-5.3.23.jar:5.3.23]
	at org.springframework.web.servlet.DispatcherServlet.processDispatchResult(DispatcherServlet.java:1149) ~[spring-webmvc-5.3.23.jar:5.3.23]
	at org.springframework.web.servlet.DispatcherServlet.doDispatch(DispatcherServlet.java:1088) ~[spring-webmvc-5.3.23.jar:5.3.23]
	at org.springframework.web.servlet.DispatcherServlet.doService(DispatcherServlet.java:964) ~[spring-webmvc-5.3.23.jar:5.3.23]
	at org.springframework.web.servlet.FrameworkServlet.processRequest(FrameworkServlet.java:1006) ~[spring-webmvc-5.3.23.jar:5.3.23]
	at org.springframework.web.servlet.FrameworkServlet.doGet(FrameworkServlet.java:898) ~[spring-webmvc-5.3.23.jar:5.3.23]
	at javax.servlet.http.HttpServlet.service(HttpServlet.java:655) ~[tomcat-embed-core-9.0.65.jar:4.0.FR]
	at org.springframework.web.servlet.FrameworkServlet.service(FrameworkServlet.java:883) ~[spring-webmvc-5.3.23.jar:5.3.23]
	at javax.servlet.http.HttpServlet.service(HttpServlet.java:764) ~[tomcat-embed-core-9.0.65.jar:4.0.FR]
	at org.apache.catalina.core.ApplicationFilterChain.internalDoFilter(ApplicationFilterChain.java:227) ~[tomcat-embed-core-9.0.65.jar:9.0.65]
	at org.apache.catalina.core.ApplicationFilterChain.doFilter(ApplicationFilterChain.java:162) ~[tomcat-embed-core-9.0.65.jar:9.0.65]
	at org.apache.tomcat.websocket.server.WsFilter.doFilter(WsFilter.java:53) ~[tomcat-embed-websocket-9.0.65.jar:9.0.65]
	at org.apache.catalina.core.ApplicationFilterChain.internalDoFilter(ApplicationFilterChain.java:189) ~[tomcat-embed-core-9.0.65.jar:9.0.65]
	at org.apache.catalina.core.ApplicationFilterChain.doFilter(ApplicationFilterChain.java:162) ~[tomcat-embed-core-9.0.65.jar:9.0.65]
	at org.springframework.web.filter.RequestContextFilter.doFilterInternal(RequestContextFilter.java:100) ~[spring-web-5.3.23.jar:5.3.23]
	at org.springframework.web.filter.OncePerRequestFilter.doFilter(OncePerRequestFilter.java:117) ~[spring-web-5.3.23.jar:5.3.23]
	at org.apache.catalina.core.ApplicationFilterChain.internalDoFilter(ApplicationFilterChain.java:189) ~[tomcat-embed-core-9.0.65.jar:9.0.65]
	at org.apache.catalina.core.ApplicationFilterChain.doFilter(ApplicationFilterChain.java:162) ~[tomcat-embed-core-9.0.65.jar:9.0.65]
	at org.springframework.web.filter.FormContentFilter.doFilterInternal(FormContentFilter.java:93) ~[spring-web-5.3.23.jar:5.3.23]
	at org.springframework.web.filter.OncePerRequestFilter.doFilter(OncePerRequestFilter.java:117) ~[spring-web-5.3.23.jar:5.3.23]
	at org.apache.catalina.core.ApplicationFilterChain.internalDoFilter(ApplicationFilterChain.java:189) ~[tomcat-embed-core-9.0.65.jar:9.0.65]
	at org.apache.catalina.core.ApplicationFilterChain.doFilter(ApplicationFilterChain.java:162) ~[tomcat-embed-core-9.0.65.jar:9.0.65]
	at org.springframework.web.filter.CharacterEncodingFilter.doFilterInternal(CharacterEncodingFilter.java:201) ~[spring-web-5.3.23.jar:5.3.23]
	at org.springframework.web.filter.OncePerRequestFilter.doFilter(OncePerRequestFilter.java:117) ~[spring-web-5.3.23.jar:5.3.23]
	at org.apache.catalina.core.ApplicationFilterChain.internalDoFilter(ApplicationFilterChain.java:189) ~[tomcat-embed-core-9.0.65.jar:9.0.65]
	at org.apache.catalina.core.ApplicationFilterChain.doFilter(ApplicationFilterChain.java:162) ~[tomcat-embed-core-9.0.65.jar:9.0.65]
	at org.apache.catalina.core.StandardWrapperValve.invoke(StandardWrapperValve.java:197) ~[tomcat-embed-core-9.0.65.jar:9.0.65]
	at org.apache.catalina.core.StandardContextValve.invoke(StandardContextValve.java:97) ~[tomcat-embed-core-9.0.65.jar:9.0.65]
	at org.apache.catalina.authenticator.AuthenticatorBase.invoke(AuthenticatorBase.java:541) ~[tomcat-embed-core-9.0.65.jar:9.0.65]
	at org.apache.catalina.core.StandardHostValve.invoke(StandardHostValve.java:135) ~[tomcat-embed-core-9.0.65.jar:9.0.65]
	at org.apache.catalina.valves.ErrorReportValve.invoke(ErrorReportValve.java:92) ~[tomcat-embed-core-9.0.65.jar:9.0.65]
	at org.apache.catalina.core.StandardEngineValve.invoke(StandardEngineValve.java:78) ~[tomcat-embed-core-9.0.65.jar:9.0.65]
	at org.apache.catalina.connector.CoyoteAdapter.service(CoyoteAdapter.java:360) ~[tomcat-embed-core-9.0.65.jar:9.0.65]
	at org.apache.coyote.http11.Http11Processor.service(Http11Processor.java:399) ~[tomcat-embed-core-9.0.65.jar:9.0.65]
	at org.apache.coyote.AbstractProcessorLight.process(AbstractProcessorLight.java:65) ~[tomcat-embed-core-9.0.65.jar:9.0.65]
	at org.apache.coyote.AbstractProtocol$ConnectionHandler.process(AbstractProtocol.java:890) ~[tomcat-embed-core-9.0.65.jar:9.0.65]
	at org.apache.tomcat.util.net.NioEndpoint$SocketProcessor.doRun(NioEndpoint.java:1789) ~[tomcat-embed-core-9.0.65.jar:9.0.65]
	at org.apache.tomcat.util.net.SocketProcessorBase.run(SocketProcessorBase.java:49) ~[tomcat-embed-core-9.0.65.jar:9.0.65]
	at org.apache.tomcat.util.threads.ThreadPoolExecutor.runWorker(ThreadPoolExecutor.java:1191) ~[tomcat-embed-core-9.0.65.jar:9.0.65]
	at org.apache.tomcat.util.threads.ThreadPoolExecutor$Worker.run(ThreadPoolExecutor.java:659) ~[tomcat-embed-core-9.0.65.jar:9.0.65]
	at org.apache.tomcat.util.threads.TaskThread$WrappingRunnable.run(TaskThread.java:61) ~[tomcat-embed-core-9.0.65.jar:9.0.65]
	at java.base/java.lang.Thread.run(Thread.java:833) ~[na:na]

2022-10-14 15:28:44.376  INFO 34164 --- [main] com.review.myMall.MyMallApplication      : Starting MyMallApplication using Java 18.0.1.1 on TomChen-TPI with PID 34164 (D:\NewMall\myMall\target\classes started by tpi in D:\NewMall\myMall)
2022-10-14 15:28:44.383  INFO 34164 --- [main] com.review.myMall.MyMallApplication      : No active profile set, falling back to 1 default profile: "default"
2022-10-14 15:28:45.764  INFO 34164 --- [main] o.s.b.w.embedded.tomcat.TomcatWebServer  : Tomcat initialized with port(s): 8080 (http)
2022-10-14 15:28:45.777  INFO 34164 --- [main] o.apache.catalina.core.StandardService   : Starting service [Tomcat]
2022-10-14 15:28:45.778  INFO 34164 --- [main] org.apache.catalina.core.StandardEngine  : Starting Servlet engine: [Apache Tomcat/9.0.65]
2022-10-14 15:28:45.894  INFO 34164 --- [main] o.a.c.c.C.[Tomcat].[localhost].[/]       : Initializing Spring embedded WebApplicationContext
2022-10-14 15:28:45.894  INFO 34164 --- [main] w.s.c.ServletWebServerApplicationContext : Root WebApplicationContext: initialization completed in 1419 ms
2022-10-14 15:28:46.347  INFO 34164 --- [main] o.s.b.w.embedded.tomcat.TomcatWebServer  : Tomcat started on port(s): 8080 (http) with context path ''
2022-10-14 15:28:46.360  INFO 34164 --- [main] com.review.myMall.MyMallApplication      : Started MyMallApplication in 2.574 seconds (JVM running for 3.033)
2022-10-14 15:28:56.172  INFO 39416 --- [main] com.review.myMall.MyMallApplication      : Starting MyMallApplication using Java 18.0.1.1 on TomChen-TPI with PID 39416 (D:\NewMall\myMall\target\classes started by tpi in D:\NewMall\myMall)
2022-10-14 15:28:56.177  INFO 39416 --- [main] com.review.myMall.MyMallApplication      : No active profile set, falling back to 1 default profile: "default"
2022-10-14 15:28:57.490  INFO 39416 --- [main] o.s.b.w.embedded.tomcat.TomcatWebServer  : Tomcat initialized with port(s): 8080 (http)
2022-10-14 15:28:57.504  INFO 39416 --- [main] o.apache.catalina.core.StandardService   : Starting service [Tomcat]
2022-10-14 15:28:57.505  INFO 39416 --- [main] org.apache.catalina.core.StandardEngine  : Starting Servlet engine: [Apache Tomcat/9.0.65]
2022-10-14 15:28:57.624  INFO 39416 --- [main] o.a.c.c.C.[Tomcat].[localhost].[/]       : Initializing Spring embedded WebApplicationContext
2022-10-14 15:28:57.624  INFO 39416 --- [main] w.s.c.ServletWebServerApplicationContext : Root WebApplicationContext: initialization completed in 1367 ms
2022-10-14 15:28:58.086  INFO 39416 --- [main] o.s.b.w.embedded.tomcat.TomcatWebServer  : Tomcat started on port(s): 8080 (http) with context path ''
2022-10-14 15:28:58.099  INFO 39416 --- [main] com.review.myMall.MyMallApplication      : Started MyMallApplication in 2.485 seconds (JVM running for 2.967)
2022-10-14 15:29:00.541  INFO 39416 --- [http-nio-8080-exec-1] o.a.c.c.C.[Tomcat].[localhost].[/]       : Initializing Spring DispatcherServlet 'dispatcherServlet'
2022-10-14 15:29:00.542  INFO 39416 --- [http-nio-8080-exec-1] o.s.web.servlet.DispatcherServlet        : Initializing Servlet 'dispatcherServlet'
2022-10-14 15:29:00.542  INFO 39416 --- [http-nio-8080-exec-1] o.s.web.servlet.DispatcherServlet        : Completed initialization in 0 ms
2022-10-14 15:29:12.754  WARN 39416 --- [http-nio-8080-exec-3] .w.s.m.s.DefaultHandlerExceptionResolver : Resolved [org.springframework.web.HttpRequestMethodNotSupportedException: Request method 'POST' not supported]
2022-10-14 15:29:43.130  INFO 9112 --- [main] com.review.myMall.MyMallApplication      : Starting MyMallApplication using Java 18.0.1.1 on TomChen-TPI with PID 9112 (D:\NewMall\myMall\target\classes started by tpi in D:\NewMall\myMall)
2022-10-14 15:29:43.135  INFO 9112 --- [main] com.review.myMall.MyMallApplication      : No active profile set, falling back to 1 default profile: "default"
2022-10-14 15:29:44.448  INFO 9112 --- [main] o.s.b.w.embedded.tomcat.TomcatWebServer  : Tomcat initialized with port(s): 8080 (http)
2022-10-14 15:29:44.468  INFO 9112 --- [main] o.apache.catalina.core.StandardService   : Starting service [Tomcat]
2022-10-14 15:29:44.468  INFO 9112 --- [main] org.apache.catalina.core.StandardEngine  : Starting Servlet engine: [Apache Tomcat/9.0.65]
2022-10-14 15:29:44.581  INFO 9112 --- [main] o.a.c.c.C.[Tomcat].[localhost].[/]       : Initializing Spring embedded WebApplicationContext
2022-10-14 15:29:44.581  INFO 9112 --- [main] w.s.c.ServletWebServerApplicationContext : Root WebApplicationContext: initialization completed in 1367 ms
2022-10-14 15:29:45.000  INFO 9112 --- [main] o.s.b.w.embedded.tomcat.TomcatWebServer  : Tomcat started on port(s): 8080 (http) with context path ''
2022-10-14 15:29:45.013  INFO 9112 --- [main] com.review.myMall.MyMallApplication      : Started MyMallApplication in 2.508 seconds (JVM running for 3.096)
2022-10-14 15:29:47.868  INFO 9112 --- [http-nio-8080-exec-1] o.a.c.c.C.[Tomcat].[localhost].[/]       : Initializing Spring DispatcherServlet 'dispatcherServlet'
2022-10-14 15:29:47.869  INFO 9112 --- [http-nio-8080-exec-1] o.s.web.servlet.DispatcherServlet        : Initializing Servlet 'dispatcherServlet'
2022-10-14 15:29:47.870  INFO 9112 --- [http-nio-8080-exec-1] o.s.web.servlet.DispatcherServlet        : Completed initialization in 1 ms
2022-10-14 15:29:47.903  INFO 9112 --- [http-nio-8080-exec-1] c.r.myMall.controller.ProductController  : eeeeeenter
2022-10-14 15:30:27.634  INFO 23200 --- [main] com.review.myMall.MyMallApplication      : Starting MyMallApplication using Java 18.0.1.1 on TomChen-TPI with PID 23200 (D:\NewMall\myMall\target\classes started by tpi in D:\NewMall\myMall)
2022-10-14 15:30:27.638  INFO 23200 --- [main] com.review.myMall.MyMallApplication      : No active profile set, falling back to 1 default profile: "default"
2022-10-14 15:30:28.996  INFO 23200 --- [main] o.s.b.w.embedded.tomcat.TomcatWebServer  : Tomcat initialized with port(s): 8080 (http)
2022-10-14 15:30:29.014  INFO 23200 --- [main] o.apache.catalina.core.StandardService   : Starting service [Tomcat]
2022-10-14 15:30:29.014  INFO 23200 --- [main] org.apache.catalina.core.StandardEngine  : Starting Servlet engine: [Apache Tomcat/9.0.65]
2022-10-14 15:30:29.157  INFO 23200 --- [main] o.a.c.c.C.[Tomcat].[localhost].[/]       : Initializing Spring embedded WebApplicationContext
2022-10-14 15:30:29.157  INFO 23200 --- [main] w.s.c.ServletWebServerApplicationContext : Root WebApplicationContext: initialization completed in 1426 ms
2022-10-14 15:30:29.597  INFO 23200 --- [main] o.s.b.w.embedded.tomcat.TomcatWebServer  : Tomcat started on port(s): 8080 (http) with context path ''
2022-10-14 15:30:29.611  INFO 23200 --- [main] com.review.myMall.MyMallApplication      : Started MyMallApplication in 2.549 seconds (JVM running for 3.003)
2022-10-14 15:30:37.436  INFO 23200 --- [http-nio-8080-exec-1] o.a.c.c.C.[Tomcat].[localhost].[/]       : Initializing Spring DispatcherServlet 'dispatcherServlet'
2022-10-14 15:30:37.437  INFO 23200 --- [http-nio-8080-exec-1] o.s.web.servlet.DispatcherServlet        : Initializing Servlet 'dispatcherServlet'
2022-10-14 15:30:37.438  INFO 23200 --- [http-nio-8080-exec-1] o.s.web.servlet.DispatcherServlet        : Completed initialization in 1 ms
2022-10-14 15:30:37.467  INFO 23200 --- [http-nio-8080-exec-1] c.r.myMall.controller.ProductController  : eeeeeenter
2022-10-14 15:31:31.598  INFO 15276 --- [main] com.review.myMall.MyMallApplication      : Starting MyMallApplication using Java 18.0.1.1 on TomChen-TPI with PID 15276 (D:\NewMall\myMall\target\classes started by tpi in D:\NewMall\myMall)
2022-10-14 15:31:31.604  INFO 15276 --- [main] com.review.myMall.MyMallApplication      : No active profile set, falling back to 1 default profile: "default"
2022-10-14 15:31:33.345  INFO 15276 --- [main] o.s.b.w.embedded.tomcat.TomcatWebServer  : Tomcat initialized with port(s): 8080 (http)
2022-10-14 15:31:33.360  INFO 15276 --- [main] o.apache.catalina.core.StandardService   : Starting service [Tomcat]
2022-10-14 15:31:33.361  INFO 15276 --- [main] org.apache.catalina.core.StandardEngine  : Starting Servlet engine: [Apache Tomcat/9.0.65]
2022-10-14 15:31:33.487  INFO 15276 --- [main] o.a.c.c.C.[Tomcat].[localhost].[/]       : Initializing Spring embedded WebApplicationContext
2022-10-14 15:31:33.487  INFO 15276 --- [main] w.s.c.ServletWebServerApplicationContext : Root WebApplicationContext: initialization completed in 1778 ms
2022-10-14 15:31:33.907  INFO 15276 --- [main] o.s.b.a.w.s.WelcomePageHandlerMapping    : Adding welcome page template: index
2022-10-14 15:31:34.186  INFO 15276 --- [main] o.s.b.w.embedded.tomcat.TomcatWebServer  : Tomcat started on port(s): 8080 (http) with context path ''
2022-10-14 15:31:34.215  INFO 15276 --- [main] com.review.myMall.MyMallApplication      : Started MyMallApplication in 3.238 seconds (JVM running for 3.702)
2022-10-14 15:31:36.218  INFO 15276 --- [http-nio-8080-exec-1] o.a.c.c.C.[Tomcat].[localhost].[/]       : Initializing Spring DispatcherServlet 'dispatcherServlet'
2022-10-14 15:31:36.218  INFO 15276 --- [http-nio-8080-exec-1] o.s.web.servlet.DispatcherServlet        : Initializing Servlet 'dispatcherServlet'
2022-10-14 15:31:36.219  INFO 15276 --- [http-nio-8080-exec-1] o.s.web.servlet.DispatcherServlet        : Completed initialization in 0 ms
2022-10-14 15:31:36.253  INFO 15276 --- [http-nio-8080-exec-1] c.r.myMall.controller.ProductController  : eeeeeenter
2022-10-14 15:32:00.380  INFO 444 --- [main] com.review.myMall.MyMallApplication      : Starting MyMallApplication using Java 18.0.1.1 on TomChen-TPI with PID 444 (D:\NewMall\myMall\target\classes started by tpi in D:\NewMall\myMall)
2022-10-14 15:32:00.386  INFO 444 --- [main] com.review.myMall.MyMallApplication      : No active profile set, falling back to 1 default profile: "default"
2022-10-14 15:32:02.005  INFO 444 --- [main] o.s.b.w.embedded.tomcat.TomcatWebServer  : Tomcat initialized with port(s): 8080 (http)
2022-10-14 15:32:02.028  INFO 444 --- [main] o.apache.catalina.core.StandardService   : Starting service [Tomcat]
2022-10-14 15:32:02.028  INFO 444 --- [main] org.apache.catalina.core.StandardEngine  : Starting Servlet engine: [Apache Tomcat/9.0.65]
2022-10-14 15:32:02.203  INFO 444 --- [main] o.a.c.c.C.[Tomcat].[localhost].[/]       : Initializing Spring embedded WebApplicationContext
2022-10-14 15:32:02.203  INFO 444 --- [main] w.s.c.ServletWebServerApplicationContext : Root WebApplicationContext: initialization completed in 1727 ms
2022-10-14 15:32:02.431  INFO 444 --- [main] o.s.b.a.w.s.WelcomePageHandlerMapping    : Adding welcome page template: index
2022-10-14 15:32:02.621  INFO 444 --- [main] o.s.b.w.embedded.tomcat.TomcatWebServer  : Tomcat started on port(s): 8080 (http) with context path ''
2022-10-14 15:32:02.633  INFO 444 --- [main] com.review.myMall.MyMallApplication      : Started MyMallApplication in 2.958 seconds (JVM running for 3.758)
2022-10-14 15:32:02.927  INFO 444 --- [http-nio-8080-exec-1] o.a.c.c.C.[Tomcat].[localhost].[/]       : Initializing Spring DispatcherServlet 'dispatcherServlet'
2022-10-14 15:32:02.927  INFO 444 --- [http-nio-8080-exec-1] o.s.web.servlet.DispatcherServlet        : Initializing Servlet 'dispatcherServlet'
2022-10-14 15:32:02.927  INFO 444 --- [http-nio-8080-exec-1] o.s.web.servlet.DispatcherServlet        : Completed initialization in 0 ms
2022-10-14 15:32:19.923  WARN 444 --- [http-nio-8080-exec-4] .w.s.m.s.DefaultHandlerExceptionResolver : Resolved [org.springframework.http.converter.HttpMessageNotReadableException: Required request body is missing: public java.lang.String com.review.myMall.controller.ProductController.createProduct(com.review.myMall.module.Product)]
2022-10-14 15:33:06.074  WARN 444 --- [http-nio-8080-exec-6] .w.s.m.s.DefaultHandlerExceptionResolver : Resolved [org.springframework.http.converter.HttpMessageNotReadableException: Required request body is missing: public java.lang.String com.review.myMall.controller.ProductController.createProduct(com.review.myMall.module.Product)]
2022-10-14 15:33:26.427  INFO 444 --- [http-nio-8080-exec-7] c.r.myMall.controller.ProductController  : Product{id='112', name='apple', imgURL='www.we', price=100, stock=10}
2022-10-14 15:33:26.428  INFO 444 --- [http-nio-8080-exec-7] c.r.myMall.controller.ProductController  : createProduct entered
2022-10-14 15:33:53.668  WARN 444 --- [http-nio-8080-exec-8] .w.s.m.s.DefaultHandlerExceptionResolver : Resolved [org.springframework.http.converter.HttpMessageNotReadableException: Required request body is missing: public java.lang.String com.review.myMall.controller.ProductController.createProduct(com.review.myMall.module.Product)]
2022-10-14 15:35:11.042  INFO 15200 --- [main] com.review.myMall.MyMallApplication      : Starting MyMallApplication using Java 18.0.1.1 on TomChen-TPI with PID 15200 (D:\NewMall\myMall\target\classes started by tpi in D:\NewMall\myMall)
2022-10-14 15:35:11.047  INFO 15200 --- [main] com.review.myMall.MyMallApplication      : No active profile set, falling back to 1 default profile: "default"
2022-10-14 15:35:12.403  INFO 15200 --- [main] o.s.b.w.embedded.tomcat.TomcatWebServer  : Tomcat initialized with port(s): 8080 (http)
2022-10-14 15:35:12.418  INFO 15200 --- [main] o.apache.catalina.core.StandardService   : Starting service [Tomcat]
2022-10-14 15:35:12.419  INFO 15200 --- [main] org.apache.catalina.core.StandardEngine  : Starting Servlet engine: [Apache Tomcat/9.0.65]
2022-10-14 15:35:12.550  INFO 15200 --- [main] o.a.c.c.C.[Tomcat].[localhost].[/]       : Initializing Spring embedded WebApplicationContext
2022-10-14 15:35:12.550  INFO 15200 --- [main] w.s.c.ServletWebServerApplicationContext : Root WebApplicationContext: initialization completed in 1416 ms
2022-10-14 15:35:12.839  INFO 15200 --- [main] o.s.b.a.w.s.WelcomePageHandlerMapping    : Adding welcome page template: index
2022-10-14 15:35:13.068  INFO 15200 --- [main] o.s.b.w.embedded.tomcat.TomcatWebServer  : Tomcat started on port(s): 8080 (http) with context path ''
2022-10-14 15:35:13.082  INFO 15200 --- [main] com.review.myMall.MyMallApplication      : Started MyMallApplication in 2.596 seconds (JVM running for 3.066)
2022-10-14 15:35:13.131  INFO 15200 --- [http-nio-8080-exec-1] o.a.c.c.C.[Tomcat].[localhost].[/]       : Initializing Spring DispatcherServlet 'dispatcherServlet'
2022-10-14 15:35:13.131  INFO 15200 --- [http-nio-8080-exec-1] o.s.web.servlet.DispatcherServlet        : Initializing Servlet 'dispatcherServlet'
2022-10-14 15:35:13.132  INFO 15200 --- [http-nio-8080-exec-1] o.s.web.servlet.DispatcherServlet        : Completed initialization in 0 ms
2022-10-14 15:35:13.155  INFO 15200 --- [http-nio-8080-exec-1] c.r.myMall.controller.ProductController  : user login
2022-10-14 15:41:35.872  INFO 5612 --- [main] com.review.myMall.MyMallApplication      : Starting MyMallApplication using Java 18.0.1.1 on TomChen-TPI with PID 5612 (D:\NewMall\myMall\target\classes started by tpi in D:\NewMall\myMall)
2022-10-14 15:41:35.877  INFO 5612 --- [main] com.review.myMall.MyMallApplication      : No active profile set, falling back to 1 default profile: "default"
2022-10-14 15:41:37.439  INFO 5612 --- [main] o.s.b.w.embedded.tomcat.TomcatWebServer  : Tomcat initialized with port(s): 8080 (http)
2022-10-14 15:41:37.455  INFO 5612 --- [main] o.apache.catalina.core.StandardService   : Starting service [Tomcat]
2022-10-14 15:41:37.455  INFO 5612 --- [main] org.apache.catalina.core.StandardEngine  : Starting Servlet engine: [Apache Tomcat/9.0.65]
2022-10-14 15:41:37.576  INFO 5612 --- [main] o.a.c.c.C.[Tomcat].[localhost].[/]       : Initializing Spring embedded WebApplicationContext
2022-10-14 15:41:37.576  INFO 5612 --- [main] w.s.c.ServletWebServerApplicationContext : Root WebApplicationContext: initialization completed in 1605 ms
2022-10-14 15:41:37.905  INFO 5612 --- [main] o.s.b.a.w.s.WelcomePageHandlerMapping    : Adding welcome page template: index
2022-10-14 15:41:38.124  INFO 5612 --- [main] o.s.b.w.embedded.tomcat.TomcatWebServer  : Tomcat started on port(s): 8080 (http) with context path ''
2022-10-14 15:41:38.135  INFO 5612 --- [main] com.review.myMall.MyMallApplication      : Started MyMallApplication in 2.83 seconds (JVM running for 3.289)
2022-10-14 15:41:42.003  INFO 5612 --- [http-nio-8080-exec-1] o.a.c.c.C.[Tomcat].[localhost].[/]       : Initializing Spring DispatcherServlet 'dispatcherServlet'
2022-10-14 15:41:42.003  INFO 5612 --- [http-nio-8080-exec-1] o.s.web.servlet.DispatcherServlet        : Initializing Servlet 'dispatcherServlet'
2022-10-14 15:41:42.004  INFO 5612 --- [http-nio-8080-exec-1] o.s.web.servlet.DispatcherServlet        : Completed initialization in 1 ms
2022-10-14 15:41:42.119  INFO 5612 --- [http-nio-8080-exec-1] c.r.myMall.controller.ProductController  : Product{id='112', name='apple', imgURL='www.we', price=100, stock=10}
2022-10-14 15:41:42.119  INFO 5612 --- [http-nio-8080-exec-1] c.r.myMall.controller.ProductController  : createProduct entered
2022-10-14 15:41:50.377  INFO 5612 --- [http-nio-8080-exec-2] c.r.myMall.controller.ProductController  : user login
2022-10-14 15:42:06.850  INFO 5612 --- [http-nio-8080-exec-3] c.r.myMall.controller.ProductController  : user login
2022-10-14 15:42:13.069  INFO 23468 --- [main] com.review.myMall.MyMallApplication      : Starting MyMallApplication using Java 18.0.1.1 on TomChen-TPI with PID 23468 (D:\NewMall\myMall\target\classes started by tpi in D:\NewMall\myMall)
2022-10-14 15:42:13.075  INFO 23468 --- [main] com.review.myMall.MyMallApplication      : No active profile set, falling back to 1 default profile: "default"
2022-10-14 15:42:14.612  INFO 23468 --- [main] o.s.b.w.embedded.tomcat.TomcatWebServer  : Tomcat initialized with port(s): 8080 (http)
2022-10-14 15:42:14.630  INFO 23468 --- [main] o.apache.catalina.core.StandardService   : Starting service [Tomcat]
2022-10-14 15:42:14.630  INFO 23468 --- [main] org.apache.catalina.core.StandardEngine  : Starting Servlet engine: [Apache Tomcat/9.0.65]
2022-10-14 15:42:14.779  INFO 23468 --- [main] o.a.c.c.C.[Tomcat].[localhost].[/]       : Initializing Spring embedded WebApplicationContext
2022-10-14 15:42:14.779  INFO 23468 --- [main] w.s.c.ServletWebServerApplicationContext : Root WebApplicationContext: initialization completed in 1600 ms
2022-10-14 15:42:15.072  INFO 23468 --- [main] o.s.b.a.w.s.WelcomePageHandlerMapping    : Adding welcome page template: index
2022-10-14 15:42:15.303  INFO 23468 --- [main] o.s.b.w.embedded.tomcat.TomcatWebServer  : Tomcat started on port(s): 8080 (http) with context path ''
2022-10-14 15:42:15.319  INFO 23468 --- [main] com.review.myMall.MyMallApplication      : Started MyMallApplication in 3.217 seconds (JVM running for 4.067)
2022-10-14 15:44:04.167  INFO 23468 --- [http-nio-8080-exec-1] o.a.c.c.C.[Tomcat].[localhost].[/]       : Initializing Spring DispatcherServlet 'dispatcherServlet'
2022-10-14 15:44:04.168  INFO 23468 --- [http-nio-8080-exec-1] o.s.web.servlet.DispatcherServlet        : Initializing Servlet 'dispatcherServlet'
2022-10-14 15:44:04.169  INFO 23468 --- [http-nio-8080-exec-1] o.s.web.servlet.DispatcherServlet        : Completed initialization in 1 ms
2022-10-14 15:44:04.200  INFO 23468 --- [http-nio-8080-exec-1] c.r.myMall.controller.ProductController  : user login
2022-10-14 15:44:14.748  INFO 30620 --- [main] com.review.myMall.MyMallApplication      : Starting MyMallApplication using Java 18.0.1.1 on TomChen-TPI with PID 30620 (D:\NewMall\myMall\target\classes started by tpi in D:\NewMall\myMall)
2022-10-14 15:44:14.753  INFO 30620 --- [main] com.review.myMall.MyMallApplication      : No active profile set, falling back to 1 default profile: "default"
2022-10-14 15:44:16.054  INFO 30620 --- [main] o.s.b.w.embedded.tomcat.TomcatWebServer  : Tomcat initialized with port(s): 8080 (http)
2022-10-14 15:44:16.067  INFO 30620 --- [main] o.apache.catalina.core.StandardService   : Starting service [Tomcat]
2022-10-14 15:44:16.068  INFO 30620 --- [main] org.apache.catalina.core.StandardEngine  : Starting Servlet engine: [Apache Tomcat/9.0.65]
2022-10-14 15:44:16.185  INFO 30620 --- [main] o.a.c.c.C.[Tomcat].[localhost].[/]       : Initializing Spring embedded WebApplicationContext
2022-10-14 15:44:16.185  INFO 30620 --- [main] w.s.c.ServletWebServerApplicationContext : Root WebApplicationContext: initialization completed in 1348 ms
2022-10-14 15:44:16.444  INFO 30620 --- [main] o.s.b.a.w.s.WelcomePageHandlerMapping    : Adding welcome page template: index
2022-10-14 15:44:16.634  INFO 30620 --- [main] o.s.b.w.embedded.tomcat.TomcatWebServer  : Tomcat started on port(s): 8080 (http) with context path ''
2022-10-14 15:44:16.645  INFO 30620 --- [main] com.review.myMall.MyMallApplication      : Started MyMallApplication in 2.46 seconds (JVM running for 3.01)
2022-10-14 15:45:47.117  INFO 30620 --- [http-nio-8080-exec-1] o.a.c.c.C.[Tomcat].[localhost].[/]       : Initializing Spring DispatcherServlet 'dispatcherServlet'
2022-10-14 15:45:47.117  INFO 30620 --- [http-nio-8080-exec-1] o.s.web.servlet.DispatcherServlet        : Initializing Servlet 'dispatcherServlet'
2022-10-14 15:45:47.118  INFO 30620 --- [http-nio-8080-exec-1] o.s.web.servlet.DispatcherServlet        : Completed initialization in 1 ms
2022-10-14 15:45:47.152  INFO 30620 --- [http-nio-8080-exec-1] c.r.myMall.controller.ProductController  : user login
2022-10-14 15:45:50.984  INFO 30620 --- [http-nio-8080-exec-2] c.r.myMall.controller.ProductController  : user login
2022-10-14 15:45:57.580  INFO 30620 --- [http-nio-8080-exec-3] c.r.myMall.controller.ProductController  : user login
2022-10-14 15:46:25.229  INFO 4604 --- [restartedMain] com.review.myMall.MyMallApplication      : Starting MyMallApplication using Java 18.0.1.1 on TomChen-TPI with PID 4604 (D:\NewMall\myMall\target\classes started by tpi in D:\NewMall\myMall)
2022-10-14 15:46:25.231  INFO 4604 --- [restartedMain] com.review.myMall.MyMallApplication      : No active profile set, falling back to 1 default profile: "default"
2022-10-14 15:46:25.319  INFO 4604 --- [restartedMain] .e.DevToolsPropertyDefaultsPostProcessor : Devtools property defaults active! Set 'spring.devtools.add-properties' to 'false' to disable
2022-10-14 15:46:25.320  INFO 4604 --- [restartedMain] .e.DevToolsPropertyDefaultsPostProcessor : For additional web related logging consider setting the 'logging.level.web' property to 'DEBUG'
2022-10-14 15:46:26.704  INFO 4604 --- [restartedMain] o.s.b.w.embedded.tomcat.TomcatWebServer  : Tomcat initialized with port(s): 8080 (http)
2022-10-14 15:46:26.725  INFO 4604 --- [restartedMain] o.apache.catalina.core.StandardService   : Starting service [Tomcat]
2022-10-14 15:46:26.725  INFO 4604 --- [restartedMain] org.apache.catalina.core.StandardEngine  : Starting Servlet engine: [Apache Tomcat/9.0.65]
2022-10-14 15:46:26.829  INFO 4604 --- [restartedMain] o.a.c.c.C.[Tomcat].[localhost].[/]       : Initializing Spring embedded WebApplicationContext
2022-10-14 15:46:26.829  INFO 4604 --- [restartedMain] w.s.c.ServletWebServerApplicationContext : Root WebApplicationContext: initialization completed in 1509 ms
2022-10-14 15:46:27.109  INFO 4604 --- [restartedMain] o.s.b.a.w.s.WelcomePageHandlerMapping    : Adding welcome page template: index
2022-10-14 15:46:27.310  INFO 4604 --- [restartedMain] o.s.b.d.a.OptionalLiveReloadServer       : LiveReload server is running on port 35729
2022-10-14 15:46:27.366  INFO 4604 --- [restartedMain] o.s.b.w.embedded.tomcat.TomcatWebServer  : Tomcat started on port(s): 8080 (http) with context path ''
2022-10-14 15:46:27.380  INFO 4604 --- [restartedMain] com.review.myMall.MyMallApplication      : Started MyMallApplication in 2.724 seconds (JVM running for 3.304)
2022-10-14 15:49:44.102  INFO 1316 --- [restartedMain] com.review.myMall.MyMallApplication      : Starting MyMallApplication using Java 18.0.1.1 on TomChen-TPI with PID 1316 (D:\NewMall\myMall\target\classes started by tpi in D:\NewMall\myMall)
2022-10-14 15:49:44.104  INFO 1316 --- [restartedMain] com.review.myMall.MyMallApplication      : No active profile set, falling back to 1 default profile: "default"
2022-10-14 15:49:44.205  INFO 1316 --- [restartedMain] .e.DevToolsPropertyDefaultsPostProcessor : Devtools property defaults active! Set 'spring.devtools.add-properties' to 'false' to disable
2022-10-14 15:49:44.205  INFO 1316 --- [restartedMain] .e.DevToolsPropertyDefaultsPostProcessor : For additional web related logging consider setting the 'logging.level.web' property to 'DEBUG'
2022-10-14 15:49:45.589  INFO 1316 --- [restartedMain] o.s.b.w.embedded.tomcat.TomcatWebServer  : Tomcat initialized with port(s): 8080 (http)
2022-10-14 15:49:45.610  INFO 1316 --- [restartedMain] o.apache.catalina.core.StandardService   : Starting service [Tomcat]
2022-10-14 15:49:45.610  INFO 1316 --- [restartedMain] org.apache.catalina.core.StandardEngine  : Starting Servlet engine: [Apache Tomcat/9.0.65]
2022-10-14 15:49:45.694  INFO 1316 --- [restartedMain] o.a.c.c.C.[Tomcat].[localhost].[/]       : Initializing Spring embedded WebApplicationContext
2022-10-14 15:49:45.695  INFO 1316 --- [restartedMain] w.s.c.ServletWebServerApplicationContext : Root WebApplicationContext: initialization completed in 1488 ms
2022-10-14 15:49:45.969  INFO 1316 --- [restartedMain] o.s.b.a.w.s.WelcomePageHandlerMapping    : Adding welcome page template: index
2022-10-14 15:49:46.138  INFO 1316 --- [restartedMain] o.s.b.d.a.OptionalLiveReloadServer       : LiveReload server is running on port 35729
2022-10-14 15:49:46.191  INFO 1316 --- [restartedMain] o.s.b.w.embedded.tomcat.TomcatWebServer  : Tomcat started on port(s): 8080 (http) with context path ''
2022-10-14 15:49:46.206  INFO 1316 --- [restartedMain] com.review.myMall.MyMallApplication      : Started MyMallApplication in 2.688 seconds (JVM running for 3.277)
2022-10-14 15:50:10.536  INFO 15208 --- [restartedMain] com.review.myMall.MyMallApplication      : Starting MyMallApplication using Java 18.0.1.1 on TomChen-TPI with PID 15208 (D:\NewMall\myMall\target\classes started by tpi in D:\NewMall\myMall)
2022-10-14 15:50:10.538  INFO 15208 --- [restartedMain] com.review.myMall.MyMallApplication      : No active profile set, falling back to 1 default profile: "default"
2022-10-14 15:50:10.632  INFO 15208 --- [restartedMain] .e.DevToolsPropertyDefaultsPostProcessor : Devtools property defaults active! Set 'spring.devtools.add-properties' to 'false' to disable
2022-10-14 15:50:10.632  INFO 15208 --- [restartedMain] .e.DevToolsPropertyDefaultsPostProcessor : For additional web related logging consider setting the 'logging.level.web' property to 'DEBUG'
2022-10-14 15:50:12.011  INFO 15208 --- [restartedMain] o.s.b.w.embedded.tomcat.TomcatWebServer  : Tomcat initialized with port(s): 8080 (http)
2022-10-14 15:50:12.030  INFO 15208 --- [restartedMain] o.apache.catalina.core.StandardService   : Starting service [Tomcat]
2022-10-14 15:50:12.031  INFO 15208 --- [restartedMain] org.apache.catalina.core.StandardEngine  : Starting Servlet engine: [Apache Tomcat/9.0.65]
2022-10-14 15:50:12.127  INFO 15208 --- [restartedMain] o.a.c.c.C.[Tomcat].[localhost].[/]       : Initializing Spring embedded WebApplicationContext
2022-10-14 15:50:12.127  INFO 15208 --- [restartedMain] w.s.c.ServletWebServerApplicationContext : Root WebApplicationContext: initialization completed in 1494 ms
2022-10-14 15:50:12.398  INFO 15208 --- [restartedMain] o.s.b.a.w.s.WelcomePageHandlerMapping    : Adding welcome page template: index
2022-10-14 15:50:12.578  INFO 15208 --- [restartedMain] o.s.b.d.a.OptionalLiveReloadServer       : LiveReload server is running on port 35729
2022-10-14 15:50:12.632  INFO 15208 --- [restartedMain] o.s.b.w.embedded.tomcat.TomcatWebServer  : Tomcat started on port(s): 8080 (http) with context path ''
2022-10-14 15:50:12.650  INFO 15208 --- [restartedMain] com.review.myMall.MyMallApplication      : Started MyMallApplication in 2.657 seconds (JVM running for 3.202)
